<html>
<head>
<title>TestNG:  Incident Test Case</title>
<link href="../testng.css" rel="stylesheet" type="text/css" />
<link href="../my-testng.css" rel="stylesheet" type="text/css" />

<style type="text/css">
.log { display: none;} 
.stack-trace { display: none;} 
</style>
<script type="text/javascript">
<!--
function flip(e) {
  current = e.style.display;
  if (current == 'block') {
    e.style.display = 'none';
    return 0;
  }
  else {
    e.style.display = 'block';
    return 1;
  }
}

function toggleBox(szDivId, elem, msg1, msg2)
{
  var res = -1;  if (document.getElementById) {
    res = flip(document.getElementById(szDivId));
  }
  else if (document.all) {
    // this is the way old msie versions work
    res = flip(document.all[szDivId]);
  }
  if(elem) {
    if(res == 0) elem.innerHTML = msg1; else elem.innerHTML = msg2;
  }

}

function toggleAllBoxes() {
  if (document.getElementsByTagName) {
    d = document.getElementsByTagName('div');
    for (i = 0; i < d.length; i++) {
      if (d[i].className == 'log') {
        flip(d[i]);
      }
    }
  }
}

// -->
</script>

</head>
<body>
<h2 align='center'>Incident Test Case</h2><table border='1' align="center">
<tr>
<td>Tests passed/Failed/Skipped:</td><td>7/4/21</td>
</tr><tr>
<td>Started on:</td><td>Thu Aug 24 00:19:04 IST 2023</td>
</tr>
<tr><td>Total time:</td><td>9300 seconds (9300459 ms)</td>
</tr><tr>
<td>Included groups:</td><td></td>
</tr><tr>
<td>Excluded groups:</td><td></td>
</tr>
</table><p/>
<small><i>(Hover the method name to see the test class name)</i></small><p/>
<table width='100%' border='1' class='invocation-failed'>
<tr><td colspan='4' align='center'><b>FAILED CONFIGURATIONS</b></td></tr>
<tr><td><b>Test method</b></td>
<td width="30%"><b>Exception</b></td>
<td width="10%"><b>Time (seconds)</b></td>
<td><b>Instance</b></td>
</tr>
<tr>
<td title='com.createIncident.ios.CreateIncident_170.configAm()'><b>configAm</b><br>Test class: com.createIncident.ios.CreateIncident_170<br>Parameters: [TestResult name=ts08incident status=FAILURE method=CreateIncident_170.ts08incident(java.util.Hashtable)[pri:8, instance:com.createIncident.ios.CreateIncident_170@75ed9710] output={null}]</td>
<td><div><pre>java.lang.AssertionError: Test Case Fail
	at Base.BaseTest.configAm(BaseTest.java:204)
	at java.base/java.util.ArrayList.forEach(ArrayList.java:1541)
... Removed 33 stack frames</pre></div><a href='#' onClick='toggleBox("stack-trace897056155", this, "Click to show all stack frames", "Click to hide stack frames")'>Click to show all stack frames</a>
<div class='stack-trace' id='stack-trace897056155'><pre>java.lang.AssertionError: Test Case Fail
	at org.testng.Assert.fail(Assert.java:97)
	at Base.BaseTest.configAm(BaseTest.java:204)
	at java.base/jdk.internal.reflect.NativeMethodAccessorImpl.invoke0(Native Method)
	at java.base/jdk.internal.reflect.NativeMethodAccessorImpl.invoke(NativeMethodAccessorImpl.java:62)
	at java.base/jdk.internal.reflect.DelegatingMethodAccessorImpl.invoke(DelegatingMethodAccessorImpl.java:43)
	at java.base/java.lang.reflect.Method.invoke(Method.java:566)
	at org.testng.internal.MethodInvocationHelper.invokeMethod(MethodInvocationHelper.java:133)
	at org.testng.internal.MethodInvocationHelper.invokeMethodConsideringTimeout(MethodInvocationHelper.java:62)
	at org.testng.internal.ConfigInvoker.invokeConfigurationMethod(ConfigInvoker.java:340)
	at org.testng.internal.ConfigInvoker.invokeConfigurations(ConfigInvoker.java:294)
	at org.testng.internal.TestInvoker.runConfigMethods(TestInvoker.java:683)
	at org.testng.internal.TestInvoker.runAfterGroupsConfigurations(TestInvoker.java:658)
	at org.testng.internal.TestInvoker.invokeMethod(TestInvoker.java:642)
	at org.testng.internal.TestInvoker.invokeTestMethod(TestInvoker.java:172)
	at org.testng.internal.MethodRunner.runInSequence(MethodRunner.java:46)
	at org.testng.internal.TestInvoker$MethodInvocationAgent.invoke(TestInvoker.java:804)
	at org.testng.internal.TestInvoker.invokeTestMethods(TestInvoker.java:145)
	at org.testng.internal.TestMethodWorker.invokeTestMethods(TestMethodWorker.java:146)
	at org.testng.internal.TestMethodWorker.run(TestMethodWorker.java:128)
	at java.base/java.util.ArrayList.forEach(ArrayList.java:1541)
	at org.testng.TestRunner.privateRun(TestRunner.java:770)
	at org.testng.TestRunner.run(TestRunner.java:591)
	at org.testng.SuiteRunner.runTest(SuiteRunner.java:402)
	at org.testng.SuiteRunner.runSequentially(SuiteRunner.java:396)
	at org.testng.SuiteRunner.privateRun(SuiteRunner.java:355)
	at org.testng.SuiteRunner.run(SuiteRunner.java:304)
	at org.testng.SuiteRunnerWorker.runSuite(SuiteRunnerWorker.java:53)
	at org.testng.SuiteRunnerWorker.run(SuiteRunnerWorker.java:96)
	at org.testng.TestNG.runSuitesSequentially(TestNG.java:1180)
	at org.testng.TestNG.runSuitesLocally(TestNG.java:1102)
	at org.testng.TestNG.runSuites(TestNG.java:1032)
	at org.testng.TestNG.run(TestNG.java:1000)
	at org.testng.remote.AbstractRemoteTestNG.run(AbstractRemoteTestNG.java:115)
	at org.testng.remote.RemoteTestNG.initAndRun(RemoteTestNG.java:251)
	at org.testng.remote.RemoteTestNG.main(RemoteTestNG.java:77)
</pre></div></td>
<td>1</td>
<td>com.createIncident.ios.CreateIncident_170@75ed9710</td></tr>
<tr>
<td title='com.createIncident.ios.CreateIncident_171.configAm()'><b>configAm</b><br>Test class: com.createIncident.ios.CreateIncident_171<br>Parameters: [TestResult name=ts01incident status=FAILURE method=CreateIncident_171.ts01incident(java.util.Hashtable)[pri:1, instance:com.createIncident.ios.CreateIncident_171@4fc5e095] output={null}]</td>
<td><div><pre>org.openqa.selenium.WebDriverException: An unknown server-side error occurred while processing the command. Original error: Could not proxy command to the remote server. Original error: connect ECONNREFUSED 127.0.0.1:8100
Build info: version: &apos;3.141.59&apos;, revision: &apos;e82be7d358&apos;, time: &apos;2018-11-14T08:17:03&apos;
System info: host: &apos;MacBook-Air.local&apos;, ip: &apos;fe80:0:0:0:106a:b3f6:3fc5:29e4%en0&apos;, os.name: &apos;Mac OS X&apos;, os.arch: &apos;x86_64&apos;, os.version: &apos;12.6.8&apos;, java.version: &apos;11.0.18&apos;
Driver info: io.appium.java_client.ios.IOSDriver
Capabilities {automationName: XCUITest, browserName: , bundleId: com.threedi.OhioNFERsQA, databaseEnabled: false, deviceName: IPhone13, javascriptEnabled: true, locationContextEnabled: false, networkConnectionEnabled: false, noReset: true, platform: MAC, platformName: IOS, platformVersion: 16.5.1, safariIgnoreFraudWarning: true, takesScreenshot: true, udid: 00008110-001A71600E28201E, useNewWDA: false, webStorageEnabled: false}
Session ID: f55f08fd-e63f-4c2a-a671-907aa7df61ef
	at org.openqa.selenium.remote.http.W3CHttpResponseCodec.createException(W3CHttpResponseCodec.java:187)
	at org.openqa.selenium.remote.http.W3CHttpResponseCodec.decode(W3CHttpResponseCodec.java:122)
	at org.openqa.selenium.remote.http.W3CHttpResponseCodec.decode(W3CHttpResponseCodec.java:49)
	at org.openqa.selenium.remote.HttpCommandExecutor.execute(HttpCommandExecutor.java:158)
	at io.appium.java_client.remote.AppiumCommandExecutor.execute(AppiumCommandExecutor.java:239)
	at org.openqa.selenium.remote.RemoteWebDriver.execute(RemoteWebDriver.java:552)
	at io.appium.java_client.DefaultGenericMobileDriver.execute(DefaultGenericMobileDriver.java:45)
	at io.appium.java_client.AppiumDriver.execute(AppiumDriver.java:1)
	at io.appium.java_client.ios.IOSDriver.execute(IOSDriver.java:1)
	at org.openqa.selenium.remote.RemoteWebDriver.getScreenshotAs(RemoteWebDriver.java:295)
	at Base.BaseTest.configAm(BaseTest.java:201)
	at java.base/java.util.ArrayList.forEach(ArrayList.java:1541)
... Removed 36 stack frames</pre></div><a href='#' onClick='toggleBox("stack-trace2049795950", this, "Click to show all stack frames", "Click to hide stack frames")'>Click to show all stack frames</a>
<div class='stack-trace' id='stack-trace2049795950'><pre>org.openqa.selenium.WebDriverException: An unknown server-side error occurred while processing the command. Original error: Could not proxy command to the remote server. Original error: connect ECONNREFUSED 127.0.0.1:8100
Build info: version: &apos;3.141.59&apos;, revision: &apos;e82be7d358&apos;, time: &apos;2018-11-14T08:17:03&apos;
System info: host: &apos;MacBook-Air.local&apos;, ip: &apos;fe80:0:0:0:106a:b3f6:3fc5:29e4%en0&apos;, os.name: &apos;Mac OS X&apos;, os.arch: &apos;x86_64&apos;, os.version: &apos;12.6.8&apos;, java.version: &apos;11.0.18&apos;
Driver info: io.appium.java_client.ios.IOSDriver
Capabilities {automationName: XCUITest, browserName: , bundleId: com.threedi.OhioNFERsQA, databaseEnabled: false, deviceName: IPhone13, javascriptEnabled: true, locationContextEnabled: false, networkConnectionEnabled: false, noReset: true, platform: MAC, platformName: IOS, platformVersion: 16.5.1, safariIgnoreFraudWarning: true, takesScreenshot: true, udid: 00008110-001A71600E28201E, useNewWDA: false, webStorageEnabled: false}
Session ID: f55f08fd-e63f-4c2a-a671-907aa7df61ef
	at java.base/jdk.internal.reflect.NativeConstructorAccessorImpl.newInstance0(Native Method)
	at java.base/jdk.internal.reflect.NativeConstructorAccessorImpl.newInstance(NativeConstructorAccessorImpl.java:62)
	at java.base/jdk.internal.reflect.DelegatingConstructorAccessorImpl.newInstance(DelegatingConstructorAccessorImpl.java:45)
	at java.base/java.lang.reflect.Constructor.newInstance(Constructor.java:490)
	at org.openqa.selenium.remote.http.W3CHttpResponseCodec.createException(W3CHttpResponseCodec.java:187)
	at org.openqa.selenium.remote.http.W3CHttpResponseCodec.decode(W3CHttpResponseCodec.java:122)
	at org.openqa.selenium.remote.http.W3CHttpResponseCodec.decode(W3CHttpResponseCodec.java:49)
	at org.openqa.selenium.remote.HttpCommandExecutor.execute(HttpCommandExecutor.java:158)
	at io.appium.java_client.remote.AppiumCommandExecutor.execute(AppiumCommandExecutor.java:239)
	at org.openqa.selenium.remote.RemoteWebDriver.execute(RemoteWebDriver.java:552)
	at io.appium.java_client.DefaultGenericMobileDriver.execute(DefaultGenericMobileDriver.java:45)
	at io.appium.java_client.AppiumDriver.execute(AppiumDriver.java:1)
	at io.appium.java_client.ios.IOSDriver.execute(IOSDriver.java:1)
	at org.openqa.selenium.remote.RemoteWebDriver.getScreenshotAs(RemoteWebDriver.java:295)
	at Base.BaseTest.configAm(BaseTest.java:201)
	at java.base/jdk.internal.reflect.NativeMethodAccessorImpl.invoke0(Native Method)
	at java.base/jdk.internal.reflect.NativeMethodAccessorImpl.invoke(NativeMethodAccessorImpl.java:62)
	at java.base/jdk.internal.reflect.DelegatingMethodAccessorImpl.invoke(DelegatingMethodAccessorImpl.java:43)
	at java.base/java.lang.reflect.Method.invoke(Method.java:566)
	at org.testng.internal.MethodInvocationHelper.invokeMethod(MethodInvocationHelper.java:133)
	at org.testng.internal.MethodInvocationHelper.invokeMethodConsideringTimeout(MethodInvocationHelper.java:62)
	at org.testng.internal.ConfigInvoker.invokeConfigurationMethod(ConfigInvoker.java:340)
	at org.testng.internal.ConfigInvoker.invokeConfigurations(ConfigInvoker.java:294)
	at org.testng.internal.TestInvoker.runConfigMethods(TestInvoker.java:683)
	at org.testng.internal.TestInvoker.runAfterGroupsConfigurations(TestInvoker.java:658)
	at org.testng.internal.TestInvoker.invokeMethod(TestInvoker.java:642)
	at org.testng.internal.TestInvoker.invokeTestMethod(TestInvoker.java:172)
	at org.testng.internal.MethodRunner.runInSequence(MethodRunner.java:46)
	at org.testng.internal.TestInvoker$MethodInvocationAgent.invoke(TestInvoker.java:804)
	at org.testng.internal.TestInvoker.invokeTestMethods(TestInvoker.java:145)
	at org.testng.internal.TestMethodWorker.invokeTestMethods(TestMethodWorker.java:146)
	at org.testng.internal.TestMethodWorker.run(TestMethodWorker.java:128)
	at java.base/java.util.ArrayList.forEach(ArrayList.java:1541)
	at org.testng.TestRunner.privateRun(TestRunner.java:770)
	at org.testng.TestRunner.run(TestRunner.java:591)
	at org.testng.SuiteRunner.runTest(SuiteRunner.java:402)
	at org.testng.SuiteRunner.runSequentially(SuiteRunner.java:396)
	at org.testng.SuiteRunner.privateRun(SuiteRunner.java:355)
	at org.testng.SuiteRunner.run(SuiteRunner.java:304)
	at org.testng.SuiteRunnerWorker.runSuite(SuiteRunnerWorker.java:53)
	at org.testng.SuiteRunnerWorker.run(SuiteRunnerWorker.java:96)
	at org.testng.TestNG.runSuitesSequentially(TestNG.java:1180)
	at org.testng.TestNG.runSuitesLocally(TestNG.java:1102)
	at org.testng.TestNG.runSuites(TestNG.java:1032)
	at org.testng.TestNG.run(TestNG.java:1000)
	at org.testng.remote.AbstractRemoteTestNG.run(AbstractRemoteTestNG.java:115)
	at org.testng.remote.RemoteTestNG.initAndRun(RemoteTestNG.java:251)
	at org.testng.remote.RemoteTestNG.main(RemoteTestNG.java:77)
</pre></div></td>
<td>1</td>
<td>com.createIncident.ios.CreateIncident_171@4fc5e095</td></tr>
<tr>
<td title='com.createIncident.ios.CreateIncident_172.configAm()'><b>configAm</b><br>Test class: com.createIncident.ios.CreateIncident_172<br>Parameters: [TestResult name=ts01incident status=FAILURE method=CreateIncident_172.ts01incident(java.util.Hashtable)[pri:1, instance:com.createIncident.ios.CreateIncident_172@435871cb] output={null}]</td>
<td><div><pre>java.lang.AssertionError: Test Case Fail
	at Base.BaseTest.configAm(BaseTest.java:204)
	at java.base/java.util.ArrayList.forEach(ArrayList.java:1541)
... Removed 33 stack frames</pre></div><a href='#' onClick='toggleBox("stack-trace1675461102", this, "Click to show all stack frames", "Click to hide stack frames")'>Click to show all stack frames</a>
<div class='stack-trace' id='stack-trace1675461102'><pre>java.lang.AssertionError: Test Case Fail
	at org.testng.Assert.fail(Assert.java:97)
	at Base.BaseTest.configAm(BaseTest.java:204)
	at java.base/jdk.internal.reflect.NativeMethodAccessorImpl.invoke0(Native Method)
	at java.base/jdk.internal.reflect.NativeMethodAccessorImpl.invoke(NativeMethodAccessorImpl.java:62)
	at java.base/jdk.internal.reflect.DelegatingMethodAccessorImpl.invoke(DelegatingMethodAccessorImpl.java:43)
	at java.base/java.lang.reflect.Method.invoke(Method.java:566)
	at org.testng.internal.MethodInvocationHelper.invokeMethod(MethodInvocationHelper.java:133)
	at org.testng.internal.MethodInvocationHelper.invokeMethodConsideringTimeout(MethodInvocationHelper.java:62)
	at org.testng.internal.ConfigInvoker.invokeConfigurationMethod(ConfigInvoker.java:340)
	at org.testng.internal.ConfigInvoker.invokeConfigurations(ConfigInvoker.java:294)
	at org.testng.internal.TestInvoker.runConfigMethods(TestInvoker.java:683)
	at org.testng.internal.TestInvoker.runAfterGroupsConfigurations(TestInvoker.java:658)
	at org.testng.internal.TestInvoker.invokeMethod(TestInvoker.java:642)
	at org.testng.internal.TestInvoker.invokeTestMethod(TestInvoker.java:172)
	at org.testng.internal.MethodRunner.runInSequence(MethodRunner.java:46)
	at org.testng.internal.TestInvoker$MethodInvocationAgent.invoke(TestInvoker.java:804)
	at org.testng.internal.TestInvoker.invokeTestMethods(TestInvoker.java:145)
	at org.testng.internal.TestMethodWorker.invokeTestMethods(TestMethodWorker.java:146)
	at org.testng.internal.TestMethodWorker.run(TestMethodWorker.java:128)
	at java.base/java.util.ArrayList.forEach(ArrayList.java:1541)
	at org.testng.TestRunner.privateRun(TestRunner.java:770)
	at org.testng.TestRunner.run(TestRunner.java:591)
	at org.testng.SuiteRunner.runTest(SuiteRunner.java:402)
	at org.testng.SuiteRunner.runSequentially(SuiteRunner.java:396)
	at org.testng.SuiteRunner.privateRun(SuiteRunner.java:355)
	at org.testng.SuiteRunner.run(SuiteRunner.java:304)
	at org.testng.SuiteRunnerWorker.runSuite(SuiteRunnerWorker.java:53)
	at org.testng.SuiteRunnerWorker.run(SuiteRunnerWorker.java:96)
	at org.testng.TestNG.runSuitesSequentially(TestNG.java:1180)
	at org.testng.TestNG.runSuitesLocally(TestNG.java:1102)
	at org.testng.TestNG.runSuites(TestNG.java:1032)
	at org.testng.TestNG.run(TestNG.java:1000)
	at org.testng.remote.AbstractRemoteTestNG.run(AbstractRemoteTestNG.java:115)
	at org.testng.remote.RemoteTestNG.initAndRun(RemoteTestNG.java:251)
	at org.testng.remote.RemoteTestNG.main(RemoteTestNG.java:77)
</pre></div></td>
<td>1</td>
<td>com.createIncident.ios.CreateIncident_172@435871cb</td></tr>
<tr>
<td title='com.createIncident.ios.CreateIncident_173.configAm()'><b>configAm</b><br>Test class: com.createIncident.ios.CreateIncident_173<br>Parameters: [TestResult name=ts01incident status=FAILURE method=CreateIncident_173.ts01incident(java.util.Hashtable)[pri:1, instance:com.createIncident.ios.CreateIncident_173@609640d5] output={null}]</td>
<td><div><pre>org.openqa.selenium.WebDriverException: An unknown server-side error occurred while processing the command. Original error: Could not proxy command to the remote server. Original error: connect ECONNREFUSED 127.0.0.1:8100
Build info: version: &apos;3.141.59&apos;, revision: &apos;e82be7d358&apos;, time: &apos;2018-11-14T08:17:03&apos;
System info: host: &apos;MacBook-Air.local&apos;, ip: &apos;fe80:0:0:0:106a:b3f6:3fc5:29e4%en0&apos;, os.name: &apos;Mac OS X&apos;, os.arch: &apos;x86_64&apos;, os.version: &apos;12.6.8&apos;, java.version: &apos;11.0.18&apos;
Driver info: io.appium.java_client.ios.IOSDriver
Capabilities {automationName: XCUITest, browserName: , bundleId: com.threedi.OhioNFERsQA, databaseEnabled: false, deviceName: IPhone13, javascriptEnabled: true, locationContextEnabled: false, networkConnectionEnabled: false, noReset: true, platform: MAC, platformName: IOS, platformVersion: 16.5.1, safariIgnoreFraudWarning: true, takesScreenshot: true, udid: 00008110-001A71600E28201E, useNewWDA: false, webStorageEnabled: false}
Session ID: 1afb4d47-e117-4c7d-8e8c-84608e4124c8
	at org.openqa.selenium.remote.http.W3CHttpResponseCodec.createException(W3CHttpResponseCodec.java:187)
	at org.openqa.selenium.remote.http.W3CHttpResponseCodec.decode(W3CHttpResponseCodec.java:122)
	at org.openqa.selenium.remote.http.W3CHttpResponseCodec.decode(W3CHttpResponseCodec.java:49)
	at org.openqa.selenium.remote.HttpCommandExecutor.execute(HttpCommandExecutor.java:158)
	at io.appium.java_client.remote.AppiumCommandExecutor.execute(AppiumCommandExecutor.java:239)
	at org.openqa.selenium.remote.RemoteWebDriver.execute(RemoteWebDriver.java:552)
	at io.appium.java_client.DefaultGenericMobileDriver.execute(DefaultGenericMobileDriver.java:45)
	at io.appium.java_client.AppiumDriver.execute(AppiumDriver.java:1)
	at io.appium.java_client.ios.IOSDriver.execute(IOSDriver.java:1)
	at org.openqa.selenium.remote.RemoteWebDriver.getScreenshotAs(RemoteWebDriver.java:295)
	at Base.BaseTest.configAm(BaseTest.java:201)
	at java.base/java.util.ArrayList.forEach(ArrayList.java:1541)
... Removed 36 stack frames</pre></div><a href='#' onClick='toggleBox("stack-trace1838007081", this, "Click to show all stack frames", "Click to hide stack frames")'>Click to show all stack frames</a>
<div class='stack-trace' id='stack-trace1838007081'><pre>org.openqa.selenium.WebDriverException: An unknown server-side error occurred while processing the command. Original error: Could not proxy command to the remote server. Original error: connect ECONNREFUSED 127.0.0.1:8100
Build info: version: &apos;3.141.59&apos;, revision: &apos;e82be7d358&apos;, time: &apos;2018-11-14T08:17:03&apos;
System info: host: &apos;MacBook-Air.local&apos;, ip: &apos;fe80:0:0:0:106a:b3f6:3fc5:29e4%en0&apos;, os.name: &apos;Mac OS X&apos;, os.arch: &apos;x86_64&apos;, os.version: &apos;12.6.8&apos;, java.version: &apos;11.0.18&apos;
Driver info: io.appium.java_client.ios.IOSDriver
Capabilities {automationName: XCUITest, browserName: , bundleId: com.threedi.OhioNFERsQA, databaseEnabled: false, deviceName: IPhone13, javascriptEnabled: true, locationContextEnabled: false, networkConnectionEnabled: false, noReset: true, platform: MAC, platformName: IOS, platformVersion: 16.5.1, safariIgnoreFraudWarning: true, takesScreenshot: true, udid: 00008110-001A71600E28201E, useNewWDA: false, webStorageEnabled: false}
Session ID: 1afb4d47-e117-4c7d-8e8c-84608e4124c8
	at java.base/jdk.internal.reflect.NativeConstructorAccessorImpl.newInstance0(Native Method)
	at java.base/jdk.internal.reflect.NativeConstructorAccessorImpl.newInstance(NativeConstructorAccessorImpl.java:62)
	at java.base/jdk.internal.reflect.DelegatingConstructorAccessorImpl.newInstance(DelegatingConstructorAccessorImpl.java:45)
	at java.base/java.lang.reflect.Constructor.newInstance(Constructor.java:490)
	at org.openqa.selenium.remote.http.W3CHttpResponseCodec.createException(W3CHttpResponseCodec.java:187)
	at org.openqa.selenium.remote.http.W3CHttpResponseCodec.decode(W3CHttpResponseCodec.java:122)
	at org.openqa.selenium.remote.http.W3CHttpResponseCodec.decode(W3CHttpResponseCodec.java:49)
	at org.openqa.selenium.remote.HttpCommandExecutor.execute(HttpCommandExecutor.java:158)
	at io.appium.java_client.remote.AppiumCommandExecutor.execute(AppiumCommandExecutor.java:239)
	at org.openqa.selenium.remote.RemoteWebDriver.execute(RemoteWebDriver.java:552)
	at io.appium.java_client.DefaultGenericMobileDriver.execute(DefaultGenericMobileDriver.java:45)
	at io.appium.java_client.AppiumDriver.execute(AppiumDriver.java:1)
	at io.appium.java_client.ios.IOSDriver.execute(IOSDriver.java:1)
	at org.openqa.selenium.remote.RemoteWebDriver.getScreenshotAs(RemoteWebDriver.java:295)
	at Base.BaseTest.configAm(BaseTest.java:201)
	at java.base/jdk.internal.reflect.NativeMethodAccessorImpl.invoke0(Native Method)
	at java.base/jdk.internal.reflect.NativeMethodAccessorImpl.invoke(NativeMethodAccessorImpl.java:62)
	at java.base/jdk.internal.reflect.DelegatingMethodAccessorImpl.invoke(DelegatingMethodAccessorImpl.java:43)
	at java.base/java.lang.reflect.Method.invoke(Method.java:566)
	at org.testng.internal.MethodInvocationHelper.invokeMethod(MethodInvocationHelper.java:133)
	at org.testng.internal.MethodInvocationHelper.invokeMethodConsideringTimeout(MethodInvocationHelper.java:62)
	at org.testng.internal.ConfigInvoker.invokeConfigurationMethod(ConfigInvoker.java:340)
	at org.testng.internal.ConfigInvoker.invokeConfigurations(ConfigInvoker.java:294)
	at org.testng.internal.TestInvoker.runConfigMethods(TestInvoker.java:683)
	at org.testng.internal.TestInvoker.runAfterGroupsConfigurations(TestInvoker.java:658)
	at org.testng.internal.TestInvoker.invokeMethod(TestInvoker.java:642)
	at org.testng.internal.TestInvoker.invokeTestMethod(TestInvoker.java:172)
	at org.testng.internal.MethodRunner.runInSequence(MethodRunner.java:46)
	at org.testng.internal.TestInvoker$MethodInvocationAgent.invoke(TestInvoker.java:804)
	at org.testng.internal.TestInvoker.invokeTestMethods(TestInvoker.java:145)
	at org.testng.internal.TestMethodWorker.invokeTestMethods(TestMethodWorker.java:146)
	at org.testng.internal.TestMethodWorker.run(TestMethodWorker.java:128)
	at java.base/java.util.ArrayList.forEach(ArrayList.java:1541)
	at org.testng.TestRunner.privateRun(TestRunner.java:770)
	at org.testng.TestRunner.run(TestRunner.java:591)
	at org.testng.SuiteRunner.runTest(SuiteRunner.java:402)
	at org.testng.SuiteRunner.runSequentially(SuiteRunner.java:396)
	at org.testng.SuiteRunner.privateRun(SuiteRunner.java:355)
	at org.testng.SuiteRunner.run(SuiteRunner.java:304)
	at org.testng.SuiteRunnerWorker.runSuite(SuiteRunnerWorker.java:53)
	at org.testng.SuiteRunnerWorker.run(SuiteRunnerWorker.java:96)
	at org.testng.TestNG.runSuitesSequentially(TestNG.java:1180)
	at org.testng.TestNG.runSuitesLocally(TestNG.java:1102)
	at org.testng.TestNG.runSuites(TestNG.java:1032)
	at org.testng.TestNG.run(TestNG.java:1000)
	at org.testng.remote.AbstractRemoteTestNG.run(AbstractRemoteTestNG.java:115)
	at org.testng.remote.RemoteTestNG.initAndRun(RemoteTestNG.java:251)
	at org.testng.remote.RemoteTestNG.main(RemoteTestNG.java:77)
</pre></div></td>
<td>1</td>
<td>com.createIncident.ios.CreateIncident_173@609640d5</td></tr>
</table><p>
<table width='100%' border='1' class='invocation-failed'>
<tr><td colspan='4' align='center'><b>FAILED TESTS</b></td></tr>
<tr><td><b>Test method</b></td>
<td width="30%"><b>Exception</b></td>
<td width="10%"><b>Time (seconds)</b></td>
<td><b>Instance</b></td>
</tr>
<tr>
<td title='com.createIncident.ios.CreateIncident_171.ts01incident()'><b>ts01incident</b><br>Test class: com.createIncident.ios.CreateIncident_171<br>Parameters: {NoOfHazMats=1, StructureType=3- Open structure, FireServiceInjuries=0, TotalAcersBurned=100, MobilePropertyInvolved=1- Not involved in ignition, but burned, WildLandAreaType=2 - Urban, heavily populated areas, HazardousMaterialsRelease=7- Motor oil - from engine or portable container, ContentsLosses=2000, Detector=2- Detector did not alert occupants, M1present=N- None Present, NoOfPatients=1, EquipmentPortability=1 - Portable, HazMatDisposition=3- Released to local agency, OHID_Chief=pdohio, EquipmentInvolvedinIgnition=124- Stove, heating, StoryofFireOrigin=10, AreaoftheFireOrigin=01- Hallway corridor, mall, Wildland=Yes, VictimLastName=Wick, ProUsed=06- Cardiac pacing, Firecasultygender=Male, login_mode=OHID, ItemFirstIgnited=58- Palletized material, material stored on pallets., Incident_Type=Cultivated grain or crop fire, Severity=4- Life threatening, IDM_Email_ID=fdchief@3diemail.com, BuildingHeightBelowGrade=5, LocationDetailsAtTimeOfIncident=1 - In area of origin and not involved in starting the fire, PropertyManagement=AKAMR - USDI - FISH & WILDLIFE SERVICE (Alaska Maritime NWR), IDM_Password=Quark@123, VictimFirstName=John, BasicActionTaken=10- Fire control or extinguishment, other, FireServiceDeath=1, HumanFactorsContributingtoIgnition=2- Possibly impaired by alcohol or drugs, LocationType=Street address, Remark=Basic Info filled, IntLevelOfProvider=1- First responder, ChemicalName=Lacquer, Runmode=Yes, FDID=33203, FireCasultyName=Pratik test (Fire Chief), Fire=No, PropertyLosses=1000, l1presencedectors=N- None present, ApparatusActionTaken=10- Fire control or extinguishment, other, OHID_Chief_Name=Pratik test, ApparatusName=A-124-Breathing apparatus support, EstimatedAmountReleased=100, WildLandFireCause=3 - Smoking, initialArrestRhythm=1- V-Fib/V-Tach, FactorsContributingtoIgnition=11- Abandoned or discarded materials or products, FactorsContributingtoRelease=3 - Failure to Control Hazardous Material, CauseofIgnition=1- Intentional, TotalSquareFeet=200, FactorsContributingToIgnition=1 - Misuse of Material or Product, UNNumber=0143, StreetAddress=831 Hilliard Rome Road, Columbus, OH, USA, Suffix=Mr., Time=1200, Firecasultyage=25, Age=25, BuildingHeightAboveGrade=5, Personnel=Pratik test, FireSuppressionFactors2=186 - Metal truss construction, FireSuppressionFactors1=185- Wood truss construction, WildLandHumanFactorContributingIgnition=Asleep, EquipmentPowerSource=22- LP gas or other heavier-than-air gas, Timeofinjury=2359, TypeofMaterialFirstIgnited=67- Paper, including cellulose, waxed paper, CardiacArrest=1- Pre-arrival arrest, CauseofRelease=1- Intentional, FireSpread=3- Confined to floor of origin, FireSupressionFactor=112 - Roof collapse, CivilianInjuries=0, ProviderImpAss=16- Cardiac arrest, CivilianDeath=1, OHID_Chief_Password=Ohio@1234, Gender=Male, Buildingstatus=1- Under construction, AidGiven=2- Automatic aid received, D2HeatSource=11- Spark, ember, or flame from operating equipment, 1- Pre-arrival arrestArrest=1- Witnessed, RemarkAppratusAndPersonnel=Incident Apparatus and Personal Complete, PropertyUseStructure=142- Clubhouse, FireCasultySeverity=2- First aid only}</td>
<td><div><pre>org.openqa.selenium.NoSuchElementException: Can&apos;t locate an element by this strategy: By.xpath: //XCUIElementTypeStaticText[@name=&quot;Save&quot;]
	at io.appium.java_client.pagefactory.AppiumElementLocator.findElement(AppiumElementLocator.java:126)
	at io.appium.java_client.pagefactory.interceptors.InterceptorOfASingleElement.intercept(InterceptorOfASingleElement.java:59)
	at io.appium.java_client.ios.IOSElement$$EnhancerByCGLIB$$d311658.getAttribute(&lt;generated&gt;)
	at Base.BasePage.click(BasePage.java:98)
	at pom.createincidentios.Basicinfo.savebtn(Basicinfo.java:104)
	at com.createIncident.ios.CreateIncident_171.ts01incident(CreateIncident_171.java:58)
	at java.base/java.util.ArrayList.forEach(ArrayList.java:1541)
Caused by: org.openqa.selenium.TimeoutException: Expected condition failed: waiting for io.appium.java_client.pagefactory.AppiumElementLocator$WaitingFunction@79dd79eb (tried for 1 second(s) with 500 milliseconds interval)
	at org.openqa.selenium.support.ui.FluentWait.timeoutException(FluentWait.java:304)
	at org.openqa.selenium.support.ui.FluentWait.until(FluentWait.java:272)
	at io.appium.java_client.pagefactory.AppiumElementLocator.waitFor(AppiumElementLocator.java:99)
	at io.appium.java_client.pagefactory.AppiumElementLocator.findElement(AppiumElementLocator.java:119)
	... 33 more
Caused by: org.openqa.selenium.NoSuchElementException: An element could not be located on the page using the given search parameters.
For documentation on this error, please visit: https://www.seleniumhq.org/exceptions/no_such_element.html
Build info: version: &apos;3.141.59&apos;, revision: &apos;e82be7d358&apos;, time: &apos;2018-11-14T08:17:03&apos;
System info: host: &apos;MacBook-Air.local&apos;, ip: &apos;fe80:0:0:0:106a:b3f6:3fc5:29e4%en0&apos;, os.name: &apos;Mac OS X&apos;, os.arch: &apos;x86_64&apos;, os.version: &apos;12.6.8&apos;, java.version: &apos;11.0.18&apos;
Driver info: io.appium.java_client.ios.IOSDriver
Capabilities {automationName: XCUITest, browserName: , bundleId: com.threedi.OhioNFERsQA, databaseEnabled: false, deviceName: IPhone13, javascriptEnabled: true, locationContextEnabled: false, networkConnectionEnabled: false, noReset: true, platform: MAC, platformName: IOS, platformVersion: 16.5.1, safariIgnoreFraudWarning: true, takesScreenshot: true, udid: 00008110-001A71600E28201E, useNewWDA: false, webStorageEnabled: false}
Session ID: f55f08fd-e63f-4c2a-a671-907aa7df61ef
*** Element info: {Using=xpath, value=//XCUIElementTypeStaticText[@name=&quot;Save&quot;]}
	at org.openqa.selenium.remote.http.W3CHttpResponseCodec.createException(W3CHttpResponseCodec.java:187)
	at org.openqa.selenium.remote.http.W3CHttpResponseCodec.decode(W3CHttpResponseCodec.java:122)
	at org.openqa.selenium.remote.http.W3CHttpResponseCodec.decode(W3CHttpResponseCodec.java:49)
	at org.openqa.selenium.remote.HttpCommandExecutor.execute(HttpCommandExecutor.java:158)
	at io.appium.java_client.remote.AppiumCommandExecutor.execute(AppiumCommandExecutor.java:239)
	at org.openqa.selenium.remote.RemoteWebDriver.execute(RemoteWebDriver.java:552)
	at io.appium.java_client.DefaultGenericMobileDriver.execute(DefaultGenericMobileDriver.java:41)
	at io.appium.java_client.AppiumDriver.execute(AppiumDriver.java:1)
	at io.appium.java_client.ios.IOSDriver.execute(IOSDriver.java:1)
	at org.openqa.selenium.remote.RemoteWebDriver.findElement(RemoteWebDriver.java:323)
	at io.appium.java_client.DefaultGenericMobileDriver.findElement(DefaultGenericMobileDriver.java:61)
	at io.appium.java_client.AppiumDriver.findElement(AppiumDriver.java:1)
	at io.appium.java_client.ios.IOSDriver.findElement(IOSDriver.java:1)
	at org.openqa.selenium.remote.RemoteWebDriver.findElementByXPath(RemoteWebDriver.java:428)
	at io.appium.java_client.DefaultGenericMobileDriver.findElementByXPath(DefaultGenericMobileDriver.java:151)
	at io.appium.java_client.AppiumDriver.findElementByXPath(AppiumDriver.java:1)
	at io.appium.java_client.ios.IOSDriver.findElementByXPath(IOSDriver.java:1)
	at org.openqa.selenium.By$ByXPath.findElement(By.java:353)
	at org.openqa.selenium.remote.RemoteWebDriver.findElement(RemoteWebDriver.java:315)
	at io.appium.java_client.DefaultGenericMobileDriver.findElement(DefaultGenericMobileDriver.java:57)
	at io.appium.java_client.AppiumDriver.findElement(AppiumDriver.java:1)
	at io.appium.java_client.ios.IOSDriver.findElement(IOSDriver.java:1)
	at io.appium.java_client.pagefactory.bys.ContentMappedBy.findElement(ContentMappedBy.java:50)
	at org.openqa.selenium.remote.RemoteWebDriver.findElement(RemoteWebDriver.java:315)
	at io.appium.java_client.DefaultGenericMobileDriver.findElement(DefaultGenericMobileDriver.java:57)
	at io.appium.java_client.AppiumDriver.findElement(AppiumDriver.java:1)
	at io.appium.java_client.ios.IOSDriver.findElement(IOSDriver.java:1)
	at io.appium.java_client.pagefactory.AppiumElementLocator.lambda$0(AppiumElementLocator.java:120)
	at io.appium.java_client.pagefactory.AppiumElementLocator$WaitingFunction.apply(AppiumElementLocator.java:172)
	at io.appium.java_client.pagefactory.AppiumElementLocator$WaitingFunction.apply(AppiumElementLocator.java:1)
	at org.openqa.selenium.support.ui.FluentWait.until(FluentWait.java:249)
	... 35 more
... Removed 31 stack frames</pre></div><a href='#' onClick='toggleBox("stack-trace1110094591", this, "Click to show all stack frames", "Click to hide stack frames")'>Click to show all stack frames</a>
<div class='stack-trace' id='stack-trace1110094591'><pre>org.openqa.selenium.NoSuchElementException: Can&apos;t locate an element by this strategy: By.xpath: //XCUIElementTypeStaticText[@name=&quot;Save&quot;]
	at io.appium.java_client.pagefactory.AppiumElementLocator.findElement(AppiumElementLocator.java:126)
	at io.appium.java_client.pagefactory.interceptors.InterceptorOfASingleElement.intercept(InterceptorOfASingleElement.java:59)
	at io.appium.java_client.ios.IOSElement$$EnhancerByCGLIB$$d311658.getAttribute(&lt;generated&gt;)
	at Base.BasePage.click(BasePage.java:98)
	at pom.createincidentios.Basicinfo.savebtn(Basicinfo.java:104)
	at com.createIncident.ios.CreateIncident_171.ts01incident(CreateIncident_171.java:58)
	at java.base/jdk.internal.reflect.NativeMethodAccessorImpl.invoke0(Native Method)
	at java.base/jdk.internal.reflect.NativeMethodAccessorImpl.invoke(NativeMethodAccessorImpl.java:62)
	at java.base/jdk.internal.reflect.DelegatingMethodAccessorImpl.invoke(DelegatingMethodAccessorImpl.java:43)
	at java.base/java.lang.reflect.Method.invoke(Method.java:566)
	at org.testng.internal.MethodInvocationHelper.invokeMethod(MethodInvocationHelper.java:133)
	at org.testng.internal.TestInvoker.invokeMethod(TestInvoker.java:584)
	at org.testng.internal.TestInvoker.invokeTestMethod(TestInvoker.java:172)
	at org.testng.internal.MethodRunner.runInSequence(MethodRunner.java:46)
	at org.testng.internal.TestInvoker$MethodInvocationAgent.invoke(TestInvoker.java:804)
	at org.testng.internal.TestInvoker.invokeTestMethods(TestInvoker.java:145)
	at org.testng.internal.TestMethodWorker.invokeTestMethods(TestMethodWorker.java:146)
	at org.testng.internal.TestMethodWorker.run(TestMethodWorker.java:128)
	at java.base/java.util.ArrayList.forEach(ArrayList.java:1541)
	at org.testng.TestRunner.privateRun(TestRunner.java:770)
	at org.testng.TestRunner.run(TestRunner.java:591)
	at org.testng.SuiteRunner.runTest(SuiteRunner.java:402)
	at org.testng.SuiteRunner.runSequentially(SuiteRunner.java:396)
	at org.testng.SuiteRunner.privateRun(SuiteRunner.java:355)
	at org.testng.SuiteRunner.run(SuiteRunner.java:304)
	at org.testng.SuiteRunnerWorker.runSuite(SuiteRunnerWorker.java:53)
	at org.testng.SuiteRunnerWorker.run(SuiteRunnerWorker.java:96)
	at org.testng.TestNG.runSuitesSequentially(TestNG.java:1180)
	at org.testng.TestNG.runSuitesLocally(TestNG.java:1102)
	at org.testng.TestNG.runSuites(TestNG.java:1032)
	at org.testng.TestNG.run(TestNG.java:1000)
	at org.testng.remote.AbstractRemoteTestNG.run(AbstractRemoteTestNG.java:115)
	at org.testng.remote.RemoteTestNG.initAndRun(RemoteTestNG.java:251)
	at org.testng.remote.RemoteTestNG.main(RemoteTestNG.java:77)
Caused by: org.openqa.selenium.TimeoutException: Expected condition failed: waiting for io.appium.java_client.pagefactory.AppiumElementLocator$WaitingFunction@79dd79eb (tried for 1 second(s) with 500 milliseconds interval)
	at org.openqa.selenium.support.ui.FluentWait.timeoutException(FluentWait.java:304)
	at org.openqa.selenium.support.ui.FluentWait.until(FluentWait.java:272)
	at io.appium.java_client.pagefactory.AppiumElementLocator.waitFor(AppiumElementLocator.java:99)
	at io.appium.java_client.pagefactory.AppiumElementLocator.findElement(AppiumElementLocator.java:119)
	... 33 more
Caused by: org.openqa.selenium.NoSuchElementException: An element could not be located on the page using the given search parameters.
For documentation on this error, please visit: https://www.seleniumhq.org/exceptions/no_such_element.html
Build info: version: &apos;3.141.59&apos;, revision: &apos;e82be7d358&apos;, time: &apos;2018-11-14T08:17:03&apos;
System info: host: &apos;MacBook-Air.local&apos;, ip: &apos;fe80:0:0:0:106a:b3f6:3fc5:29e4%en0&apos;, os.name: &apos;Mac OS X&apos;, os.arch: &apos;x86_64&apos;, os.version: &apos;12.6.8&apos;, java.version: &apos;11.0.18&apos;
Driver info: io.appium.java_client.ios.IOSDriver
Capabilities {automationName: XCUITest, browserName: , bundleId: com.threedi.OhioNFERsQA, databaseEnabled: false, deviceName: IPhone13, javascriptEnabled: true, locationContextEnabled: false, networkConnectionEnabled: false, noReset: true, platform: MAC, platformName: IOS, platformVersion: 16.5.1, safariIgnoreFraudWarning: true, takesScreenshot: true, udid: 00008110-001A71600E28201E, useNewWDA: false, webStorageEnabled: false}
Session ID: f55f08fd-e63f-4c2a-a671-907aa7df61ef
*** Element info: {Using=xpath, value=//XCUIElementTypeStaticText[@name=&quot;Save&quot;]}
	at java.base/jdk.internal.reflect.NativeConstructorAccessorImpl.newInstance0(Native Method)
	at java.base/jdk.internal.reflect.NativeConstructorAccessorImpl.newInstance(NativeConstructorAccessorImpl.java:62)
	at java.base/jdk.internal.reflect.DelegatingConstructorAccessorImpl.newInstance(DelegatingConstructorAccessorImpl.java:45)
	at java.base/java.lang.reflect.Constructor.newInstance(Constructor.java:490)
	at org.openqa.selenium.remote.http.W3CHttpResponseCodec.createException(W3CHttpResponseCodec.java:187)
	at org.openqa.selenium.remote.http.W3CHttpResponseCodec.decode(W3CHttpResponseCodec.java:122)
	at org.openqa.selenium.remote.http.W3CHttpResponseCodec.decode(W3CHttpResponseCodec.java:49)
	at org.openqa.selenium.remote.HttpCommandExecutor.execute(HttpCommandExecutor.java:158)
	at io.appium.java_client.remote.AppiumCommandExecutor.execute(AppiumCommandExecutor.java:239)
	at org.openqa.selenium.remote.RemoteWebDriver.execute(RemoteWebDriver.java:552)
	at io.appium.java_client.DefaultGenericMobileDriver.execute(DefaultGenericMobileDriver.java:41)
	at io.appium.java_client.AppiumDriver.execute(AppiumDriver.java:1)
	at io.appium.java_client.ios.IOSDriver.execute(IOSDriver.java:1)
	at org.openqa.selenium.remote.RemoteWebDriver.findElement(RemoteWebDriver.java:323)
	at io.appium.java_client.DefaultGenericMobileDriver.findElement(DefaultGenericMobileDriver.java:61)
	at io.appium.java_client.AppiumDriver.findElement(AppiumDriver.java:1)
	at io.appium.java_client.ios.IOSDriver.findElement(IOSDriver.java:1)
	at org.openqa.selenium.remote.RemoteWebDriver.findElementByXPath(RemoteWebDriver.java:428)
	at io.appium.java_client.DefaultGenericMobileDriver.findElementByXPath(DefaultGenericMobileDriver.java:151)
	at io.appium.java_client.AppiumDriver.findElementByXPath(AppiumDriver.java:1)
	at io.appium.java_client.ios.IOSDriver.findElementByXPath(IOSDriver.java:1)
	at org.openqa.selenium.By$ByXPath.findElement(By.java:353)
	at org.openqa.selenium.remote.RemoteWebDriver.findElement(RemoteWebDriver.java:315)
	at io.appium.java_client.DefaultGenericMobileDriver.findElement(DefaultGenericMobileDriver.java:57)
	at io.appium.java_client.AppiumDriver.findElement(AppiumDriver.java:1)
	at io.appium.java_client.ios.IOSDriver.findElement(IOSDriver.java:1)
	at io.appium.java_client.pagefactory.bys.ContentMappedBy.findElement(ContentMappedBy.java:50)
	at org.openqa.selenium.remote.RemoteWebDriver.findElement(RemoteWebDriver.java:315)
	at io.appium.java_client.DefaultGenericMobileDriver.findElement(DefaultGenericMobileDriver.java:57)
	at io.appium.java_client.AppiumDriver.findElement(AppiumDriver.java:1)
	at io.appium.java_client.ios.IOSDriver.findElement(IOSDriver.java:1)
	at io.appium.java_client.pagefactory.AppiumElementLocator.lambda$0(AppiumElementLocator.java:120)
	at io.appium.java_client.pagefactory.AppiumElementLocator$WaitingFunction.apply(AppiumElementLocator.java:172)
	at io.appium.java_client.pagefactory.AppiumElementLocator$WaitingFunction.apply(AppiumElementLocator.java:1)
	at org.openqa.selenium.support.ui.FluentWait.until(FluentWait.java:249)
	... 35 more
</pre></div></td>
<td>1028</td>
<td>com.createIncident.ios.CreateIncident_171@4fc5e095</td></tr>
<tr>
<td title='com.createIncident.ios.CreateIncident_172.ts01incident()'><b>ts01incident</b><br>Test class: com.createIncident.ios.CreateIncident_172<br>Parameters: {NoOfHazMats=1, StructureType=3- Open structure, FireServiceInjuries=0, TotalAcersBurned=100, MobilePropertyInvolved=1- Not involved in ignition, but burned, WildLandAreaType=2 - Urban, heavily populated areas, HazardousMaterialsRelease=7- Motor oil - from engine or portable container, ContentsLosses=2000, Detector=2- Detector did not alert occupants, M1present=N- None Present, NoOfPatients=1, EquipmentPortability=1 - Portable, HazMatDisposition=3- Released to local agency, OHID_Chief=pdohio, EquipmentInvolvedinIgnition=124- Stove, heating, StoryofFireOrigin=10, AreaoftheFireOrigin=01- Hallway corridor, mall, Wildland=Yes, VictimLastName=Wick, ProUsed=06- Cardiac pacing, Firecasultygender=Male, login_mode=OHID, ItemFirstIgnited=58- Palletized material, material stored on pallets., Incident_Type=Cultivated orchard or vineyard fire, Severity=4- Life threatening, IDM_Email_ID=fdchief@3diemail.com, BuildingHeightBelowGrade=5, LocationDetailsAtTimeOfIncident=1 - In area of origin and not involved in starting the fire, PropertyManagement=AKAMR - USDI - FISH & WILDLIFE SERVICE (Alaska Maritime NWR), IDM_Password=Quark@123, VictimFirstName=John, BasicActionTaken=10- Fire control or extinguishment, other, FireServiceDeath=1, HumanFactorsContributingtoIgnition=2- Possibly impaired by alcohol or drugs, LocationType=Street address, Remark=Basic Info filled, IntLevelOfProvider=1- First responder, ChemicalName=Lacquer, Runmode=Yes, FDID=33203, FireCasultyName=Pratik test (Fire Chief), Fire=No, PropertyLosses=1000, l1presencedectors=N- None present, ApparatusActionTaken=10- Fire control or extinguishment, other, OHID_Chief_Name=Pratik test, ApparatusName=A-124-Breathing apparatus support, EstimatedAmountReleased=100, WildLandFireCause=3 - Smoking, initialArrestRhythm=1- V-Fib/V-Tach, FactorsContributingtoIgnition=11- Abandoned or discarded materials or products, FactorsContributingtoRelease=3 - Failure to Control Hazardous Material, CauseofIgnition=1- Intentional, TotalSquareFeet=200, FactorsContributingToIgnition=1 - Misuse of Material or Product, UNNumber=0143, StreetAddress=831 Hilliard Rome Road, Columbus, OH, USA, Suffix=Mr., Time=1200, Firecasultyage=25, Age=25, BuildingHeightAboveGrade=5, Personnel=Pratik test, FireSuppressionFactors2=186 - Metal truss construction, FireSuppressionFactors1=185- Wood truss construction, WildLandHumanFactorContributingIgnition=Asleep, EquipmentPowerSource=22- LP gas or other heavier-than-air gas, Timeofinjury=2359, TypeofMaterialFirstIgnited=67- Paper, including cellulose, waxed paper, CardiacArrest=1- Pre-arrival arrest, CauseofRelease=1- Intentional, FireSpread=3- Confined to floor of origin, FireSupressionFactor=112 - Roof collapse, CivilianInjuries=0, ProviderImpAss=16- Cardiac arrest, CivilianDeath=1, OHID_Chief_Password=Ohio@1234, Gender=Male, Buildingstatus=1- Under construction, AidGiven=2- Automatic aid received, D2HeatSource=11- Spark, ember, or flame from operating equipment, 1- Pre-arrival arrestArrest=1- Witnessed, RemarkAppratusAndPersonnel=Incident Apparatus and Personal Complete, PropertyUseStructure=142- Clubhouse, FireCasultySeverity=2- First aid only}</td>
<td><div><pre>org.openqa.selenium.WebDriverException: Could not proxy command to the remote server. Original error: timeout of 240000ms exceeded
Build info: version: &apos;3.141.59&apos;, revision: &apos;e82be7d358&apos;, time: &apos;2018-11-14T08:17:03&apos;
System info: host: &apos;MacBook-Air.local&apos;, ip: &apos;fe80:0:0:0:106a:b3f6:3fc5:29e4%en0&apos;, os.name: &apos;Mac OS X&apos;, os.arch: &apos;x86_64&apos;, os.version: &apos;12.6.8&apos;, java.version: &apos;11.0.18&apos;
Driver info: io.appium.java_client.ios.IOSDriver
Capabilities {automationName: XCUITest, browserName: , bundleId: com.threedi.OhioNFERsQA, databaseEnabled: false, deviceName: IPhone13, javascriptEnabled: true, locationContextEnabled: false, networkConnectionEnabled: false, noReset: true, platform: MAC, platformName: IOS, platformVersion: 16.5.1, safariIgnoreFraudWarning: true, takesScreenshot: true, udid: 00008110-001A71600E28201E, useNewWDA: false, webStorageEnabled: false}
Session ID: 753886a6-45f4-45c0-8dce-593a987a1b42
	at org.openqa.selenium.remote.http.W3CHttpResponseCodec.createException(W3CHttpResponseCodec.java:187)
	at org.openqa.selenium.remote.http.W3CHttpResponseCodec.decode(W3CHttpResponseCodec.java:122)
	at org.openqa.selenium.remote.http.W3CHttpResponseCodec.decode(W3CHttpResponseCodec.java:49)
	at org.openqa.selenium.remote.HttpCommandExecutor.execute(HttpCommandExecutor.java:158)
	at io.appium.java_client.remote.AppiumCommandExecutor.execute(AppiumCommandExecutor.java:239)
	at org.openqa.selenium.remote.RemoteWebDriver.execute(RemoteWebDriver.java:552)
	at io.appium.java_client.DefaultGenericMobileDriver.execute(DefaultGenericMobileDriver.java:41)
	at io.appium.java_client.AppiumDriver.execute(AppiumDriver.java:1)
	at io.appium.java_client.ios.IOSDriver.execute(IOSDriver.java:1)
	at org.openqa.selenium.remote.RemoteWebElement.execute(RemoteWebElement.java:285)
	at io.appium.java_client.DefaultGenericMobileElement.execute(DefaultGenericMobileElement.java:45)
	at io.appium.java_client.MobileElement.execute(MobileElement.java:1)
	at io.appium.java_client.ios.IOSElement.execute(IOSElement.java:1)
	at org.openqa.selenium.remote.RemoteWebElement.isDisplayed(RemoteWebElement.java:326)
	at io.appium.java_client.pagefactory.ElementInterceptor.getObject(ElementInterceptor.java:40)
	at io.appium.java_client.pagefactory.interceptors.InterceptorOfASingleElement.intercept(InterceptorOfASingleElement.java:60)
	at io.appium.java_client.ios.IOSElement$$EnhancerByCGLIB$$d311658.isDisplayed(&lt;generated&gt;)
	at org.openqa.selenium.support.ui.ExpectedConditions.elementIfVisible(ExpectedConditions.java:314)
	at org.openqa.selenium.support.ui.ExpectedConditions.access$000(ExpectedConditions.java:43)
	at org.openqa.selenium.support.ui.ExpectedConditions$10.apply(ExpectedConditions.java:300)
	at org.openqa.selenium.support.ui.ExpectedConditions$10.apply(ExpectedConditions.java:297)
	at org.openqa.selenium.support.ui.FluentWait.until(FluentWait.java:249)
	at Base.BasePage.isDisplayed(BasePage.java:223)
	at Base.BasePage.present(BasePage.java:703)
	at pom.createincidentios.F_Action_Taken.fire(F_Action_Taken.java:45)
	at com.createIncident.ios.CreateIncident_172.ts01incident(CreateIncident_172.java:87)
	at java.base/java.util.ArrayList.forEach(ArrayList.java:1541)
... Removed 34 stack frames</pre></div><a href='#' onClick='toggleBox("stack-trace705480294", this, "Click to show all stack frames", "Click to hide stack frames")'>Click to show all stack frames</a>
<div class='stack-trace' id='stack-trace705480294'><pre>org.openqa.selenium.WebDriverException: Could not proxy command to the remote server. Original error: timeout of 240000ms exceeded
Build info: version: &apos;3.141.59&apos;, revision: &apos;e82be7d358&apos;, time: &apos;2018-11-14T08:17:03&apos;
System info: host: &apos;MacBook-Air.local&apos;, ip: &apos;fe80:0:0:0:106a:b3f6:3fc5:29e4%en0&apos;, os.name: &apos;Mac OS X&apos;, os.arch: &apos;x86_64&apos;, os.version: &apos;12.6.8&apos;, java.version: &apos;11.0.18&apos;
Driver info: io.appium.java_client.ios.IOSDriver
Capabilities {automationName: XCUITest, browserName: , bundleId: com.threedi.OhioNFERsQA, databaseEnabled: false, deviceName: IPhone13, javascriptEnabled: true, locationContextEnabled: false, networkConnectionEnabled: false, noReset: true, platform: MAC, platformName: IOS, platformVersion: 16.5.1, safariIgnoreFraudWarning: true, takesScreenshot: true, udid: 00008110-001A71600E28201E, useNewWDA: false, webStorageEnabled: false}
Session ID: 753886a6-45f4-45c0-8dce-593a987a1b42
	at java.base/jdk.internal.reflect.NativeConstructorAccessorImpl.newInstance0(Native Method)
	at java.base/jdk.internal.reflect.NativeConstructorAccessorImpl.newInstance(NativeConstructorAccessorImpl.java:62)
	at java.base/jdk.internal.reflect.DelegatingConstructorAccessorImpl.newInstance(DelegatingConstructorAccessorImpl.java:45)
	at java.base/java.lang.reflect.Constructor.newInstance(Constructor.java:490)
	at org.openqa.selenium.remote.http.W3CHttpResponseCodec.createException(W3CHttpResponseCodec.java:187)
	at org.openqa.selenium.remote.http.W3CHttpResponseCodec.decode(W3CHttpResponseCodec.java:122)
	at org.openqa.selenium.remote.http.W3CHttpResponseCodec.decode(W3CHttpResponseCodec.java:49)
	at org.openqa.selenium.remote.HttpCommandExecutor.execute(HttpCommandExecutor.java:158)
	at io.appium.java_client.remote.AppiumCommandExecutor.execute(AppiumCommandExecutor.java:239)
	at org.openqa.selenium.remote.RemoteWebDriver.execute(RemoteWebDriver.java:552)
	at io.appium.java_client.DefaultGenericMobileDriver.execute(DefaultGenericMobileDriver.java:41)
	at io.appium.java_client.AppiumDriver.execute(AppiumDriver.java:1)
	at io.appium.java_client.ios.IOSDriver.execute(IOSDriver.java:1)
	at org.openqa.selenium.remote.RemoteWebElement.execute(RemoteWebElement.java:285)
	at io.appium.java_client.DefaultGenericMobileElement.execute(DefaultGenericMobileElement.java:45)
	at io.appium.java_client.MobileElement.execute(MobileElement.java:1)
	at io.appium.java_client.ios.IOSElement.execute(IOSElement.java:1)
	at org.openqa.selenium.remote.RemoteWebElement.isDisplayed(RemoteWebElement.java:326)
	at jdk.internal.reflect.GeneratedMethodAccessor4.invoke(Unknown Source)
	at java.base/jdk.internal.reflect.DelegatingMethodAccessorImpl.invoke(DelegatingMethodAccessorImpl.java:43)
	at java.base/java.lang.reflect.Method.invoke(Method.java:566)
	at io.appium.java_client.pagefactory.ElementInterceptor.getObject(ElementInterceptor.java:40)
	at io.appium.java_client.pagefactory.interceptors.InterceptorOfASingleElement.intercept(InterceptorOfASingleElement.java:60)
	at io.appium.java_client.ios.IOSElement$$EnhancerByCGLIB$$d311658.isDisplayed(&lt;generated&gt;)
	at org.openqa.selenium.support.ui.ExpectedConditions.elementIfVisible(ExpectedConditions.java:314)
	at org.openqa.selenium.support.ui.ExpectedConditions.access$000(ExpectedConditions.java:43)
	at org.openqa.selenium.support.ui.ExpectedConditions$10.apply(ExpectedConditions.java:300)
	at org.openqa.selenium.support.ui.ExpectedConditions$10.apply(ExpectedConditions.java:297)
	at org.openqa.selenium.support.ui.FluentWait.until(FluentWait.java:249)
	at Base.BasePage.isDisplayed(BasePage.java:223)
	at Base.BasePage.present(BasePage.java:703)
	at pom.createincidentios.F_Action_Taken.fire(F_Action_Taken.java:45)
	at com.createIncident.ios.CreateIncident_172.ts01incident(CreateIncident_172.java:87)
	at java.base/jdk.internal.reflect.NativeMethodAccessorImpl.invoke0(Native Method)
	at java.base/jdk.internal.reflect.NativeMethodAccessorImpl.invoke(NativeMethodAccessorImpl.java:62)
	at java.base/jdk.internal.reflect.DelegatingMethodAccessorImpl.invoke(DelegatingMethodAccessorImpl.java:43)
	at java.base/java.lang.reflect.Method.invoke(Method.java:566)
	at org.testng.internal.MethodInvocationHelper.invokeMethod(MethodInvocationHelper.java:133)
	at org.testng.internal.TestInvoker.invokeMethod(TestInvoker.java:584)
	at org.testng.internal.TestInvoker.invokeTestMethod(TestInvoker.java:172)
	at org.testng.internal.MethodRunner.runInSequence(MethodRunner.java:46)
	at org.testng.internal.TestInvoker$MethodInvocationAgent.invoke(TestInvoker.java:804)
	at org.testng.internal.TestInvoker.invokeTestMethods(TestInvoker.java:145)
	at org.testng.internal.TestMethodWorker.invokeTestMethods(TestMethodWorker.java:146)
	at org.testng.internal.TestMethodWorker.run(TestMethodWorker.java:128)
	at java.base/java.util.ArrayList.forEach(ArrayList.java:1541)
	at org.testng.TestRunner.privateRun(TestRunner.java:770)
	at org.testng.TestRunner.run(TestRunner.java:591)
	at org.testng.SuiteRunner.runTest(SuiteRunner.java:402)
	at org.testng.SuiteRunner.runSequentially(SuiteRunner.java:396)
	at org.testng.SuiteRunner.privateRun(SuiteRunner.java:355)
	at org.testng.SuiteRunner.run(SuiteRunner.java:304)
	at org.testng.SuiteRunnerWorker.runSuite(SuiteRunnerWorker.java:53)
	at org.testng.SuiteRunnerWorker.run(SuiteRunnerWorker.java:96)
	at org.testng.TestNG.runSuitesSequentially(TestNG.java:1180)
	at org.testng.TestNG.runSuitesLocally(TestNG.java:1102)
	at org.testng.TestNG.runSuites(TestNG.java:1032)
	at org.testng.TestNG.run(TestNG.java:1000)
	at org.testng.remote.AbstractRemoteTestNG.run(AbstractRemoteTestNG.java:115)
	at org.testng.remote.RemoteTestNG.initAndRun(RemoteTestNG.java:251)
	at org.testng.remote.RemoteTestNG.main(RemoteTestNG.java:77)
</pre></div></td>
<td>2304</td>
<td>com.createIncident.ios.CreateIncident_172@435871cb</td></tr>
<tr>
<td title='com.createIncident.ios.CreateIncident_173.ts01incident()'><b>ts01incident</b><br>Test class: com.createIncident.ios.CreateIncident_173<br>Parameters: {NoOfHazMats=1, StructureType=3- Open structure, FireServiceInjuries=0, TotalAcersBurned=100, MobilePropertyInvolved=1- Not involved in ignition, but burned, WildLandAreaType=2 - Urban, heavily populated areas, HazardousMaterialsRelease=7- Motor oil - from engine or portable container, ContentsLosses=2000, Detector=2- Detector did not alert occupants, M1present=N- None Present, NoOfPatients=1, EquipmentPortability=1 - Portable, HazMatDisposition=3- Released to local agency, OHID_Chief=pdohio, EquipmentInvolvedinIgnition=124- Stove, heating, StoryofFireOrigin=10, AreaoftheFireOrigin=01- Hallway corridor, mall, Wildland=Yes, VictimLastName=Wick, ProUsed=06- Cardiac pacing, Firecasultygender=Male, login_mode=OHID, ItemFirstIgnited=58- Palletized material, material stored on pallets., Incident_Type=Cultivated trees or nursery stock fire, Severity=4- Life threatening, IDM_Email_ID=fdchief@3diemail.com, BuildingHeightBelowGrade=5, LocationDetailsAtTimeOfIncident=1 - In area of origin and not involved in starting the fire, PropertyManagement=AKAMR - USDI - FISH & WILDLIFE SERVICE (Alaska Maritime NWR), IDM_Password=Quark@123, VictimFirstName=John, BasicActionTaken=10- Fire control or extinguishment, other, FireServiceDeath=1, HumanFactorsContributingtoIgnition=2- Possibly impaired by alcohol or drugs, LocationType=Street address, Remark=Basic Info filled, IntLevelOfProvider=1- First responder, ChemicalName=Lacquer, Runmode=Yes, FDID=33203, FireCasultyName=Pratik test (Fire Chief), Fire=No, PropertyLosses=1000, l1presencedectors=N- None present, ApparatusActionTaken=10- Fire control or extinguishment, other, OHID_Chief_Name=Pratik test, ApparatusName=A-124-Breathing apparatus support, EstimatedAmountReleased=100, WildLandFireCause=3 - Smoking, initialArrestRhythm=1- V-Fib/V-Tach, FactorsContributingtoIgnition=11- Abandoned or discarded materials or products, FactorsContributingtoRelease=3 - Failure to Control Hazardous Material, CauseofIgnition=1- Intentional, TotalSquareFeet=200, FactorsContributingToIgnition=1 - Misuse of Material or Product, UNNumber=0143, StreetAddress=831 Hilliard Rome Road, Columbus, OH, USA, Suffix=Mr., Time=1200, Firecasultyage=25, Age=25, BuildingHeightAboveGrade=5, Personnel=Pratik test, FireSuppressionFactors2=186 - Metal truss construction, FireSuppressionFactors1=185- Wood truss construction, WildLandHumanFactorContributingIgnition=Asleep, EquipmentPowerSource=22- LP gas or other heavier-than-air gas, Timeofinjury=2359, TypeofMaterialFirstIgnited=67- Paper, including cellulose, waxed paper, CardiacArrest=1- Pre-arrival arrest, CauseofRelease=1- Intentional, FireSpread=3- Confined to floor of origin, FireSupressionFactor=112 - Roof collapse, CivilianInjuries=0, ProviderImpAss=16- Cardiac arrest, CivilianDeath=1, OHID_Chief_Password=Ohio@1234, Gender=Male, Buildingstatus=1- Under construction, AidGiven=2- Automatic aid received, D2HeatSource=11- Spark, ember, or flame from operating equipment, 1- Pre-arrival arrestArrest=1- Witnessed, RemarkAppratusAndPersonnel=Incident Apparatus and Personal Complete, PropertyUseStructure=142- Clubhouse, FireCasultySeverity=2- First aid only}</td>
<td><div><pre>java.lang.AssertionError: null
	at Base.BasePage.clickvisble(BasePage.java:503)
	at pom.createincidentios.Basicinfo.selectdate(Basicinfo.java:96)
	at com.createIncident.ios.CreateIncident_173.ts01incident(CreateIncident_173.java:57)
	at java.base/java.util.ArrayList.forEach(ArrayList.java:1541)
... Removed 29 stack frames</pre></div><a href='#' onClick='toggleBox("stack-trace695746775", this, "Click to show all stack frames", "Click to hide stack frames")'>Click to show all stack frames</a>
<div class='stack-trace' id='stack-trace695746775'><pre>java.lang.AssertionError: null
	at org.testng.Assert.fail(Assert.java:97)
	at org.testng.Assert.fail(Assert.java:102)
	at Base.BasePage.clickvisble(BasePage.java:503)
	at pom.createincidentios.Basicinfo.selectdate(Basicinfo.java:96)
	at com.createIncident.ios.CreateIncident_173.ts01incident(CreateIncident_173.java:57)
	at java.base/jdk.internal.reflect.NativeMethodAccessorImpl.invoke0(Native Method)
	at java.base/jdk.internal.reflect.NativeMethodAccessorImpl.invoke(NativeMethodAccessorImpl.java:62)
	at java.base/jdk.internal.reflect.DelegatingMethodAccessorImpl.invoke(DelegatingMethodAccessorImpl.java:43)
	at java.base/java.lang.reflect.Method.invoke(Method.java:566)
	at org.testng.internal.MethodInvocationHelper.invokeMethod(MethodInvocationHelper.java:133)
	at org.testng.internal.TestInvoker.invokeMethod(TestInvoker.java:584)
	at org.testng.internal.TestInvoker.invokeTestMethod(TestInvoker.java:172)
	at org.testng.internal.MethodRunner.runInSequence(MethodRunner.java:46)
	at org.testng.internal.TestInvoker$MethodInvocationAgent.invoke(TestInvoker.java:804)
	at org.testng.internal.TestInvoker.invokeTestMethods(TestInvoker.java:145)
	at org.testng.internal.TestMethodWorker.invokeTestMethods(TestMethodWorker.java:146)
	at org.testng.internal.TestMethodWorker.run(TestMethodWorker.java:128)
	at java.base/java.util.ArrayList.forEach(ArrayList.java:1541)
	at org.testng.TestRunner.privateRun(TestRunner.java:770)
	at org.testng.TestRunner.run(TestRunner.java:591)
	at org.testng.SuiteRunner.runTest(SuiteRunner.java:402)
	at org.testng.SuiteRunner.runSequentially(SuiteRunner.java:396)
	at org.testng.SuiteRunner.privateRun(SuiteRunner.java:355)
	at org.testng.SuiteRunner.run(SuiteRunner.java:304)
	at org.testng.SuiteRunnerWorker.runSuite(SuiteRunnerWorker.java:53)
	at org.testng.SuiteRunnerWorker.run(SuiteRunnerWorker.java:96)
	at org.testng.TestNG.runSuitesSequentially(TestNG.java:1180)
	at org.testng.TestNG.runSuitesLocally(TestNG.java:1102)
	at org.testng.TestNG.runSuites(TestNG.java:1032)
	at org.testng.TestNG.run(TestNG.java:1000)
	at org.testng.remote.AbstractRemoteTestNG.run(AbstractRemoteTestNG.java:115)
	at org.testng.remote.RemoteTestNG.initAndRun(RemoteTestNG.java:251)
	at org.testng.remote.RemoteTestNG.main(RemoteTestNG.java:77)
</pre></div></td>
<td>952</td>
<td>com.createIncident.ios.CreateIncident_173@609640d5</td></tr>
<tr>
<td title='com.createIncident.ios.CreateIncident_170.ts08incident()'><b>ts08incident</b><br>Test class: com.createIncident.ios.CreateIncident_170<br>Parameters: {NoOfHazMats=1, StructureType=3- Open structure, FireServiceInjuries=0, TotalAcersBurned=100, MobilePropertyInvolved=1- Not involved in ignition, but burned, WildLandAreaType=2 - Urban, heavily populated areas, HazardousMaterialsRelease=7- Motor oil - from engine or portable container, ContentsLosses=2000, Detector=2- Detector did not alert occupants, M1present=N- None Present, NoOfPatients=1, EquipmentPortability=1 - Portable, HazMatDisposition=3- Released to local agency, OHID_Chief=pdohio, EquipmentInvolvedinIgnition=124- Stove, heating, StoryofFireOrigin=10, AreaoftheFireOrigin=01- Hallway corridor, mall, Wildland=Yes, VictimLastName=Wick, ProUsed=06- Cardiac pacing, Firecasultygender=Male, login_mode=OHID, ItemFirstIgnited=58- Palletized material, material stored on pallets., Incident_Type=Cultivated vegetation, crop fire, other, Severity=4- Life threatening, IDM_Email_ID=fdchief@3diemail.com, BuildingHeightBelowGrade=5, LocationDetailsAtTimeOfIncident=1 - In area of origin and not involved in starting the fire, PropertyManagement=AKAMR - USDI - FISH & WILDLIFE SERVICE (Alaska Maritime NWR), IDM_Password=Quark@123, VictimFirstName=John, BasicActionTaken=10- Fire control or extinguishment, other, FireServiceDeath=1, HumanFactorsContributingtoIgnition=2- Possibly impaired by alcohol or drugs, LocationType=Street address, Remark=Basic Info filled, IntLevelOfProvider=1- First responder, ChemicalName=Lacquer, Runmode=Yes, FDID=33203, FireCasultyName=Pratik test (Fire Chief), Fire=No, PropertyLosses=1000, l1presencedectors=N- None present, ApparatusActionTaken=10- Fire control or extinguishment, other, OHID_Chief_Name=Pratik test, ApparatusName=A-124-Breathing apparatus support, EstimatedAmountReleased=100, WildLandFireCause=3 - Smoking, initialArrestRhythm=1- V-Fib/V-Tach, FactorsContributingtoIgnition=11- Abandoned or discarded materials or products, FactorsContributingtoRelease=3 - Failure to Control Hazardous Material, CauseofIgnition=1- Intentional, TotalSquareFeet=200, FactorsContributingToIgnition=1 - Misuse of Material or Product, UNNumber=0143, StreetAddress=831 Hilliard Rome Road, Columbus, OH, USA, Suffix=Mr., Time=1200, Firecasultyage=25, Age=25, BuildingHeightAboveGrade=5, Personnel=Pratik test, FireSuppressionFactors2=186 - Metal truss construction, FireSuppressionFactors1=185- Wood truss construction, WildLandHumanFactorContributingIgnition=Asleep, EquipmentPowerSource=22- LP gas or other heavier-than-air gas, Timeofinjury=2359, TypeofMaterialFirstIgnited=67- Paper, including cellulose, waxed paper, CardiacArrest=1- Pre-arrival arrest, CauseofRelease=1- Intentional, FireSpread=3- Confined to floor of origin, FireSupressionFactor=112 - Roof collapse, CivilianInjuries=0, ProviderImpAss=16- Cardiac arrest, CivilianDeath=1, OHID_Chief_Password=Ohio@1234, Gender=Male, Buildingstatus=1- Under construction, AidGiven=2- Automatic aid received, D2HeatSource=11- Spark, ember, or flame from operating equipment, 1- Pre-arrival arrestArrest=1- Witnessed, RemarkAppratusAndPersonnel=Incident Apparatus and Personal Complete, PropertyUseStructure=142- Clubhouse, FireCasultySeverity=2- First aid only}</td>
<td><div><pre>java.lang.AssertionError: null
	at Base.BasePage.click(BasePage.java:110)
	at pom.createincidentios.Basicinfo.incidentsubmitbtn(Basicinfo.java:134)
	at com.createIncident.ios.CreateIncident_170.ts08incident(CreateIncident_170.java:258)
	at java.base/java.util.ArrayList.forEach(ArrayList.java:1541)
... Removed 29 stack frames</pre></div><a href='#' onClick='toggleBox("stack-trace1254810823", this, "Click to show all stack frames", "Click to hide stack frames")'>Click to show all stack frames</a>
<div class='stack-trace' id='stack-trace1254810823'><pre>java.lang.AssertionError: null
	at org.testng.Assert.fail(Assert.java:97)
	at org.testng.Assert.fail(Assert.java:102)
	at Base.BasePage.click(BasePage.java:110)
	at pom.createincidentios.Basicinfo.incidentsubmitbtn(Basicinfo.java:134)
	at com.createIncident.ios.CreateIncident_170.ts08incident(CreateIncident_170.java:258)
	at java.base/jdk.internal.reflect.NativeMethodAccessorImpl.invoke0(Native Method)
	at java.base/jdk.internal.reflect.NativeMethodAccessorImpl.invoke(NativeMethodAccessorImpl.java:62)
	at java.base/jdk.internal.reflect.DelegatingMethodAccessorImpl.invoke(DelegatingMethodAccessorImpl.java:43)
	at java.base/java.lang.reflect.Method.invoke(Method.java:566)
	at org.testng.internal.MethodInvocationHelper.invokeMethod(MethodInvocationHelper.java:133)
	at org.testng.internal.TestInvoker.invokeMethod(TestInvoker.java:584)
	at org.testng.internal.TestInvoker.invokeTestMethod(TestInvoker.java:172)
	at org.testng.internal.MethodRunner.runInSequence(MethodRunner.java:46)
	at org.testng.internal.TestInvoker$MethodInvocationAgent.invoke(TestInvoker.java:804)
	at org.testng.internal.TestInvoker.invokeTestMethods(TestInvoker.java:145)
	at org.testng.internal.TestMethodWorker.invokeTestMethods(TestMethodWorker.java:146)
	at org.testng.internal.TestMethodWorker.run(TestMethodWorker.java:128)
	at java.base/java.util.ArrayList.forEach(ArrayList.java:1541)
	at org.testng.TestRunner.privateRun(TestRunner.java:770)
	at org.testng.TestRunner.run(TestRunner.java:591)
	at org.testng.SuiteRunner.runTest(SuiteRunner.java:402)
	at org.testng.SuiteRunner.runSequentially(SuiteRunner.java:396)
	at org.testng.SuiteRunner.privateRun(SuiteRunner.java:355)
	at org.testng.SuiteRunner.run(SuiteRunner.java:304)
	at org.testng.SuiteRunnerWorker.runSuite(SuiteRunnerWorker.java:53)
	at org.testng.SuiteRunnerWorker.run(SuiteRunnerWorker.java:96)
	at org.testng.TestNG.runSuitesSequentially(TestNG.java:1180)
	at org.testng.TestNG.runSuitesLocally(TestNG.java:1102)
	at org.testng.TestNG.runSuites(TestNG.java:1032)
	at org.testng.TestNG.run(TestNG.java:1000)
	at org.testng.remote.AbstractRemoteTestNG.run(AbstractRemoteTestNG.java:115)
	at org.testng.remote.RemoteTestNG.initAndRun(RemoteTestNG.java:251)
	at org.testng.remote.RemoteTestNG.main(RemoteTestNG.java:77)
</pre></div></td>
<td>2112</td>
<td>com.createIncident.ios.CreateIncident_170@75ed9710</td></tr>
</table><p>
<table width='100%' border='1' class='invocation-passed'>
<tr><td colspan='4' align='center'><b>PASSED TESTS</b></td></tr>
<tr><td><b>Test method</b></td>
<td width="30%"><b>Exception</b></td>
<td width="10%"><b>Time (seconds)</b></td>
<td><b>Instance</b></td>
</tr>
<tr>
<td title='com.createIncident.ios.CreateIncident_170.ts01incident()'><b>ts01incident</b><br>Test class: com.createIncident.ios.CreateIncident_170<br>Parameters: {NoOfHazMats=1, StructureType=3- Open structure, FireServiceInjuries=0, TotalAcersBurned=100, MobilePropertyInvolved=1- Not involved in ignition, but burned, WildLandAreaType=2 - Urban, heavily populated areas, HazardousMaterialsRelease=7- Motor oil - from engine or portable container, ContentsLosses=2000, Detector=2- Detector did not alert occupants, M1present=N- None Present, NoOfPatients=1, EquipmentPortability=1 - Portable, HazMatDisposition=3- Released to local agency, OHID_Chief=pdohio, EquipmentInvolvedinIgnition=124- Stove, heating, StoryofFireOrigin=10, AreaoftheFireOrigin=01- Hallway corridor, mall, Wildland=Yes, VictimLastName=Wick, ProUsed=06- Cardiac pacing, Firecasultygender=Male, login_mode=OHID, ItemFirstIgnited=58- Palletized material, material stored on pallets., Incident_Type=Cultivated vegetation, crop fire, other, Severity=4- Life threatening, IDM_Email_ID=fdchief@3diemail.com, BuildingHeightBelowGrade=5, LocationDetailsAtTimeOfIncident=1 - In area of origin and not involved in starting the fire, PropertyManagement=AKAMR - USDI - FISH & WILDLIFE SERVICE (Alaska Maritime NWR), IDM_Password=Quark@123, VictimFirstName=John, BasicActionTaken=10- Fire control or extinguishment, other, FireServiceDeath=1, HumanFactorsContributingtoIgnition=2- Possibly impaired by alcohol or drugs, LocationType=Street address, Remark=Basic Info filled, IntLevelOfProvider=1- First responder, ChemicalName=Lacquer, Runmode=Yes, FDID=33203, FireCasultyName=Pratik test (Fire Chief), Fire=No, PropertyLosses=1000, l1presencedectors=N- None present, ApparatusActionTaken=10- Fire control or extinguishment, other, OHID_Chief_Name=Pratik test, ApparatusName=A-124-Breathing apparatus support, EstimatedAmountReleased=100, WildLandFireCause=3 - Smoking, initialArrestRhythm=1- V-Fib/V-Tach, FactorsContributingtoIgnition=11- Abandoned or discarded materials or products, FactorsContributingtoRelease=3 - Failure to Control Hazardous Material, CauseofIgnition=1- Intentional, TotalSquareFeet=200, FactorsContributingToIgnition=1 - Misuse of Material or Product, UNNumber=0143, StreetAddress=831 Hilliard Rome Road, Columbus, OH, USA, Suffix=Mr., Time=1200, Firecasultyage=25, Age=25, BuildingHeightAboveGrade=5, Personnel=Pratik test, FireSuppressionFactors2=186 - Metal truss construction, FireSuppressionFactors1=185- Wood truss construction, WildLandHumanFactorContributingIgnition=Asleep, EquipmentPowerSource=22- LP gas or other heavier-than-air gas, Timeofinjury=2359, TypeofMaterialFirstIgnited=67- Paper, including cellulose, waxed paper, CardiacArrest=1- Pre-arrival arrest, CauseofRelease=1- Intentional, FireSpread=3- Confined to floor of origin, FireSupressionFactor=112 - Roof collapse, CivilianInjuries=0, ProviderImpAss=16- Cardiac arrest, CivilianDeath=1, OHID_Chief_Password=Ohio@1234, Gender=Male, Buildingstatus=1- Under construction, AidGiven=2- Automatic aid received, D2HeatSource=11- Spark, ember, or flame from operating equipment, 1- Pre-arrival arrestArrest=1- Witnessed, RemarkAppratusAndPersonnel=Incident Apparatus and Personal Complete, PropertyUseStructure=142- Clubhouse, FireCasultySeverity=2- First aid only}<br/>
<a href="#Output-441021062" onClick='toggleBox("Output-441021062", this, "Show output", "Hide output");'>Show output</a>

<a href="#Output-441021062" onClick="toggleAllBoxes();">Show all outputs</a>
<div class='log' id="Output-441021062">
Checking:PrimaryActiontakenlabel  is display<br/>
Expected: true<br/>
Actual: true<br/>
Checking:AdditionalActiontakenlabel1  is display<br/>
Expected: true<br/>
Actual: true<br/>
Checking:AdditionalActiontakenlabel2  is display<br/>
Expected: true<br/>
Actual: true<br/>
Checking:AdditionalActiontaken1  is display<br/>
Expected: true<br/>
Actual: true<br/>
Checking:AdditionalActiontaken2  is display<br/>
Expected: true<br/>
Actual: true<br/>
</div>
</td>
<td></td>
<td>977</td>
<td>com.createIncident.ios.CreateIncident_170@75ed9710</td></tr>
<tr>
<td title='com.createIncident.ios.CreateIncident_170.ts02incident()'><b>ts02incident</b><br>Test class: com.createIncident.ios.CreateIncident_170<br>Parameters: {NoOfHazMats=1, StructureType=3- Open structure, FireServiceInjuries=0, TotalAcersBurned=100, MobilePropertyInvolved=1- Not involved in ignition, but burned, WildLandAreaType=2 - Urban, heavily populated areas, HazardousMaterialsRelease=7- Motor oil - from engine or portable container, ContentsLosses=2000, Detector=2- Detector did not alert occupants, M1present=N- None Present, NoOfPatients=1, EquipmentPortability=1 - Portable, HazMatDisposition=3- Released to local agency, OHID_Chief=pdohio, EquipmentInvolvedinIgnition=124- Stove, heating, StoryofFireOrigin=10, AreaoftheFireOrigin=01- Hallway corridor, mall, Wildland=Yes, VictimLastName=Wick, ProUsed=06- Cardiac pacing, Firecasultygender=Male, login_mode=OHID, ItemFirstIgnited=58- Palletized material, material stored on pallets., Incident_Type=Cultivated vegetation, crop fire, other, Severity=4- Life threatening, IDM_Email_ID=fdchief@3diemail.com, BuildingHeightBelowGrade=5, LocationDetailsAtTimeOfIncident=1 - In area of origin and not involved in starting the fire, PropertyManagement=AKAMR - USDI - FISH & WILDLIFE SERVICE (Alaska Maritime NWR), IDM_Password=Quark@123, VictimFirstName=John, BasicActionTaken=10- Fire control or extinguishment, other, FireServiceDeath=1, HumanFactorsContributingtoIgnition=2- Possibly impaired by alcohol or drugs, LocationType=Street address, Remark=Basic Info filled, IntLevelOfProvider=1- First responder, ChemicalName=Lacquer, Runmode=Yes, FDID=33203, FireCasultyName=Pratik test (Fire Chief), Fire=No, PropertyLosses=1000, l1presencedectors=N- None present, ApparatusActionTaken=10- Fire control or extinguishment, other, OHID_Chief_Name=Pratik test, ApparatusName=A-124-Breathing apparatus support, EstimatedAmountReleased=100, WildLandFireCause=3 - Smoking, initialArrestRhythm=1- V-Fib/V-Tach, FactorsContributingtoIgnition=11- Abandoned or discarded materials or products, FactorsContributingtoRelease=3 - Failure to Control Hazardous Material, CauseofIgnition=1- Intentional, TotalSquareFeet=200, FactorsContributingToIgnition=1 - Misuse of Material or Product, UNNumber=0143, StreetAddress=831 Hilliard Rome Road, Columbus, OH, USA, Suffix=Mr., Time=1200, Firecasultyage=25, Age=25, BuildingHeightAboveGrade=5, Personnel=Pratik test, FireSuppressionFactors2=186 - Metal truss construction, FireSuppressionFactors1=185- Wood truss construction, WildLandHumanFactorContributingIgnition=Asleep, EquipmentPowerSource=22- LP gas or other heavier-than-air gas, Timeofinjury=2359, TypeofMaterialFirstIgnited=67- Paper, including cellulose, waxed paper, CardiacArrest=1- Pre-arrival arrest, CauseofRelease=1- Intentional, FireSpread=3- Confined to floor of origin, FireSupressionFactor=112 - Roof collapse, CivilianInjuries=0, ProviderImpAss=16- Cardiac arrest, CivilianDeath=1, OHID_Chief_Password=Ohio@1234, Gender=Male, Buildingstatus=1- Under construction, AidGiven=2- Automatic aid received, D2HeatSource=11- Spark, ember, or flame from operating equipment, 1- Pre-arrival arrestArrest=1- Witnessed, RemarkAppratusAndPersonnel=Incident Apparatus and Personal Complete, PropertyUseStructure=142- Clubhouse, FireCasultySeverity=2- First aid only}<br/>
<a href="#Output-343111091" onClick='toggleBox("Output-343111091", this, "Show output", "Hide output");'>Show output</a>

<a href="#Output-343111091" onClick="toggleAllBoxes();">Show all outputs</a>
<div class='log' id="Output-343111091">
Checking:Arrival<br/>
Expected: true<br/>
Actual: true<br/>
Checking:selectAppratus<br/>
Expected: true<br/>
Actual: true<br/>
Checking:Apparatuspersonnel<br/>
Expected: true<br/>
Actual: true<br/>
</div>
</td>
<td></td>
<td>668</td>
<td>com.createIncident.ios.CreateIncident_170@75ed9710</td></tr>
<tr>
<td title='com.createIncident.ios.CreateIncident_170.ts03incident()'><b>ts03incident</b><br>Test class: com.createIncident.ios.CreateIncident_170<br>Parameters: {NoOfHazMats=1, StructureType=3- Open structure, FireServiceInjuries=0, TotalAcersBurned=100, MobilePropertyInvolved=1- Not involved in ignition, but burned, WildLandAreaType=2 - Urban, heavily populated areas, HazardousMaterialsRelease=7- Motor oil - from engine or portable container, ContentsLosses=2000, Detector=2- Detector did not alert occupants, M1present=N- None Present, NoOfPatients=1, EquipmentPortability=1 - Portable, HazMatDisposition=3- Released to local agency, OHID_Chief=pdohio, EquipmentInvolvedinIgnition=124- Stove, heating, StoryofFireOrigin=10, AreaoftheFireOrigin=01- Hallway corridor, mall, Wildland=Yes, VictimLastName=Wick, ProUsed=06- Cardiac pacing, Firecasultygender=Male, login_mode=OHID, ItemFirstIgnited=58- Palletized material, material stored on pallets., Incident_Type=Cultivated vegetation, crop fire, other, Severity=4- Life threatening, IDM_Email_ID=fdchief@3diemail.com, BuildingHeightBelowGrade=5, LocationDetailsAtTimeOfIncident=1 - In area of origin and not involved in starting the fire, PropertyManagement=AKAMR - USDI - FISH & WILDLIFE SERVICE (Alaska Maritime NWR), IDM_Password=Quark@123, VictimFirstName=John, BasicActionTaken=10- Fire control or extinguishment, other, FireServiceDeath=1, HumanFactorsContributingtoIgnition=2- Possibly impaired by alcohol or drugs, LocationType=Street address, Remark=Basic Info filled, IntLevelOfProvider=1- First responder, ChemicalName=Lacquer, Runmode=Yes, FDID=33203, FireCasultyName=Pratik test (Fire Chief), Fire=No, PropertyLosses=1000, l1presencedectors=N- None present, ApparatusActionTaken=10- Fire control or extinguishment, other, OHID_Chief_Name=Pratik test, ApparatusName=A-124-Breathing apparatus support, EstimatedAmountReleased=100, WildLandFireCause=3 - Smoking, initialArrestRhythm=1- V-Fib/V-Tach, FactorsContributingtoIgnition=11- Abandoned or discarded materials or products, FactorsContributingtoRelease=3 - Failure to Control Hazardous Material, CauseofIgnition=1- Intentional, TotalSquareFeet=200, FactorsContributingToIgnition=1 - Misuse of Material or Product, UNNumber=0143, StreetAddress=831 Hilliard Rome Road, Columbus, OH, USA, Suffix=Mr., Time=1200, Firecasultyage=25, Age=25, BuildingHeightAboveGrade=5, Personnel=Pratik test, FireSuppressionFactors2=186 - Metal truss construction, FireSuppressionFactors1=185- Wood truss construction, WildLandHumanFactorContributingIgnition=Asleep, EquipmentPowerSource=22- LP gas or other heavier-than-air gas, Timeofinjury=2359, TypeofMaterialFirstIgnited=67- Paper, including cellulose, waxed paper, CardiacArrest=1- Pre-arrival arrest, CauseofRelease=1- Intentional, FireSpread=3- Confined to floor of origin, FireSupressionFactor=112 - Roof collapse, CivilianInjuries=0, ProviderImpAss=16- Cardiac arrest, CivilianDeath=1, OHID_Chief_Password=Ohio@1234, Gender=Male, Buildingstatus=1- Under construction, AidGiven=2- Automatic aid received, D2HeatSource=11- Spark, ember, or flame from operating equipment, 1- Pre-arrival arrestArrest=1- Witnessed, RemarkAppratusAndPersonnel=Incident Apparatus and Personal Complete, PropertyUseStructure=142- Clubhouse, FireCasultySeverity=2- First aid only}</td>
<td></td>
<td>675</td>
<td>com.createIncident.ios.CreateIncident_170@75ed9710</td></tr>
<tr>
<td title='com.createIncident.ios.CreateIncident_170.ts04incident()'><b>ts04incident</b><br>Test class: com.createIncident.ios.CreateIncident_170<br>Parameters: {NoOfHazMats=1, StructureType=3- Open structure, FireServiceInjuries=0, TotalAcersBurned=100, MobilePropertyInvolved=1- Not involved in ignition, but burned, WildLandAreaType=2 - Urban, heavily populated areas, HazardousMaterialsRelease=7- Motor oil - from engine or portable container, ContentsLosses=2000, Detector=2- Detector did not alert occupants, M1present=N- None Present, NoOfPatients=1, EquipmentPortability=1 - Portable, HazMatDisposition=3- Released to local agency, OHID_Chief=pdohio, EquipmentInvolvedinIgnition=124- Stove, heating, StoryofFireOrigin=10, AreaoftheFireOrigin=01- Hallway corridor, mall, Wildland=Yes, VictimLastName=Wick, ProUsed=06- Cardiac pacing, Firecasultygender=Male, login_mode=OHID, ItemFirstIgnited=58- Palletized material, material stored on pallets., Incident_Type=Cultivated vegetation, crop fire, other, Severity=4- Life threatening, IDM_Email_ID=fdchief@3diemail.com, BuildingHeightBelowGrade=5, LocationDetailsAtTimeOfIncident=1 - In area of origin and not involved in starting the fire, PropertyManagement=AKAMR - USDI - FISH & WILDLIFE SERVICE (Alaska Maritime NWR), IDM_Password=Quark@123, VictimFirstName=John, BasicActionTaken=10- Fire control or extinguishment, other, FireServiceDeath=1, HumanFactorsContributingtoIgnition=2- Possibly impaired by alcohol or drugs, LocationType=Street address, Remark=Basic Info filled, IntLevelOfProvider=1- First responder, ChemicalName=Lacquer, Runmode=Yes, FDID=33203, FireCasultyName=Pratik test (Fire Chief), Fire=No, PropertyLosses=1000, l1presencedectors=N- None present, ApparatusActionTaken=10- Fire control or extinguishment, other, OHID_Chief_Name=Pratik test, ApparatusName=A-124-Breathing apparatus support, EstimatedAmountReleased=100, WildLandFireCause=3 - Smoking, initialArrestRhythm=1- V-Fib/V-Tach, FactorsContributingtoIgnition=11- Abandoned or discarded materials or products, FactorsContributingtoRelease=3 - Failure to Control Hazardous Material, CauseofIgnition=1- Intentional, TotalSquareFeet=200, FactorsContributingToIgnition=1 - Misuse of Material or Product, UNNumber=0143, StreetAddress=831 Hilliard Rome Road, Columbus, OH, USA, Suffix=Mr., Time=1200, Firecasultyage=25, Age=25, BuildingHeightAboveGrade=5, Personnel=Pratik test, FireSuppressionFactors2=186 - Metal truss construction, FireSuppressionFactors1=185- Wood truss construction, WildLandHumanFactorContributingIgnition=Asleep, EquipmentPowerSource=22- LP gas or other heavier-than-air gas, Timeofinjury=2359, TypeofMaterialFirstIgnited=67- Paper, including cellulose, waxed paper, CardiacArrest=1- Pre-arrival arrest, CauseofRelease=1- Intentional, FireSpread=3- Confined to floor of origin, FireSupressionFactor=112 - Roof collapse, CivilianInjuries=0, ProviderImpAss=16- Cardiac arrest, CivilianDeath=1, OHID_Chief_Password=Ohio@1234, Gender=Male, Buildingstatus=1- Under construction, AidGiven=2- Automatic aid received, D2HeatSource=11- Spark, ember, or flame from operating equipment, 1- Pre-arrival arrestArrest=1- Witnessed, RemarkAppratusAndPersonnel=Incident Apparatus and Personal Complete, PropertyUseStructure=142- Clubhouse, FireCasultySeverity=2- First aid only}</td>
<td></td>
<td>0</td>
<td>com.createIncident.ios.CreateIncident_170@75ed9710</td></tr>
<tr>
<td title='com.createIncident.ios.CreateIncident_170.ts05incident()'><b>ts05incident</b><br>Test class: com.createIncident.ios.CreateIncident_170<br>Parameters: {NoOfHazMats=1, StructureType=3- Open structure, FireServiceInjuries=0, TotalAcersBurned=100, MobilePropertyInvolved=1- Not involved in ignition, but burned, WildLandAreaType=2 - Urban, heavily populated areas, HazardousMaterialsRelease=7- Motor oil - from engine or portable container, ContentsLosses=2000, Detector=2- Detector did not alert occupants, M1present=N- None Present, NoOfPatients=1, EquipmentPortability=1 - Portable, HazMatDisposition=3- Released to local agency, OHID_Chief=pdohio, EquipmentInvolvedinIgnition=124- Stove, heating, StoryofFireOrigin=10, AreaoftheFireOrigin=01- Hallway corridor, mall, Wildland=Yes, VictimLastName=Wick, ProUsed=06- Cardiac pacing, Firecasultygender=Male, login_mode=OHID, ItemFirstIgnited=58- Palletized material, material stored on pallets., Incident_Type=Cultivated vegetation, crop fire, other, Severity=4- Life threatening, IDM_Email_ID=fdchief@3diemail.com, BuildingHeightBelowGrade=5, LocationDetailsAtTimeOfIncident=1 - In area of origin and not involved in starting the fire, PropertyManagement=AKAMR - USDI - FISH & WILDLIFE SERVICE (Alaska Maritime NWR), IDM_Password=Quark@123, VictimFirstName=John, BasicActionTaken=10- Fire control or extinguishment, other, FireServiceDeath=1, HumanFactorsContributingtoIgnition=2- Possibly impaired by alcohol or drugs, LocationType=Street address, Remark=Basic Info filled, IntLevelOfProvider=1- First responder, ChemicalName=Lacquer, Runmode=Yes, FDID=33203, FireCasultyName=Pratik test (Fire Chief), Fire=No, PropertyLosses=1000, l1presencedectors=N- None present, ApparatusActionTaken=10- Fire control or extinguishment, other, OHID_Chief_Name=Pratik test, ApparatusName=A-124-Breathing apparatus support, EstimatedAmountReleased=100, WildLandFireCause=3 - Smoking, initialArrestRhythm=1- V-Fib/V-Tach, FactorsContributingtoIgnition=11- Abandoned or discarded materials or products, FactorsContributingtoRelease=3 - Failure to Control Hazardous Material, CauseofIgnition=1- Intentional, TotalSquareFeet=200, FactorsContributingToIgnition=1 - Misuse of Material or Product, UNNumber=0143, StreetAddress=831 Hilliard Rome Road, Columbus, OH, USA, Suffix=Mr., Time=1200, Firecasultyage=25, Age=25, BuildingHeightAboveGrade=5, Personnel=Pratik test, FireSuppressionFactors2=186 - Metal truss construction, FireSuppressionFactors1=185- Wood truss construction, WildLandHumanFactorContributingIgnition=Asleep, EquipmentPowerSource=22- LP gas or other heavier-than-air gas, Timeofinjury=2359, TypeofMaterialFirstIgnited=67- Paper, including cellulose, waxed paper, CardiacArrest=1- Pre-arrival arrest, CauseofRelease=1- Intentional, FireSpread=3- Confined to floor of origin, FireSupressionFactor=112 - Roof collapse, CivilianInjuries=0, ProviderImpAss=16- Cardiac arrest, CivilianDeath=1, OHID_Chief_Password=Ohio@1234, Gender=Male, Buildingstatus=1- Under construction, AidGiven=2- Automatic aid received, D2HeatSource=11- Spark, ember, or flame from operating equipment, 1- Pre-arrival arrestArrest=1- Witnessed, RemarkAppratusAndPersonnel=Incident Apparatus and Personal Complete, PropertyUseStructure=142- Clubhouse, FireCasultySeverity=2- First aid only}</td>
<td></td>
<td>128</td>
<td>com.createIncident.ios.CreateIncident_170@75ed9710</td></tr>
<tr>
<td title='com.createIncident.ios.CreateIncident_170.ts06incident()'><b>ts06incident</b><br>Test class: com.createIncident.ios.CreateIncident_170<br>Parameters: {NoOfHazMats=1, StructureType=3- Open structure, FireServiceInjuries=0, TotalAcersBurned=100, MobilePropertyInvolved=1- Not involved in ignition, but burned, WildLandAreaType=2 - Urban, heavily populated areas, HazardousMaterialsRelease=7- Motor oil - from engine or portable container, ContentsLosses=2000, Detector=2- Detector did not alert occupants, M1present=N- None Present, NoOfPatients=1, EquipmentPortability=1 - Portable, HazMatDisposition=3- Released to local agency, OHID_Chief=pdohio, EquipmentInvolvedinIgnition=124- Stove, heating, StoryofFireOrigin=10, AreaoftheFireOrigin=01- Hallway corridor, mall, Wildland=Yes, VictimLastName=Wick, ProUsed=06- Cardiac pacing, Firecasultygender=Male, login_mode=OHID, ItemFirstIgnited=58- Palletized material, material stored on pallets., Incident_Type=Cultivated vegetation, crop fire, other, Severity=4- Life threatening, IDM_Email_ID=fdchief@3diemail.com, BuildingHeightBelowGrade=5, LocationDetailsAtTimeOfIncident=1 - In area of origin and not involved in starting the fire, PropertyManagement=AKAMR - USDI - FISH & WILDLIFE SERVICE (Alaska Maritime NWR), IDM_Password=Quark@123, VictimFirstName=John, BasicActionTaken=10- Fire control or extinguishment, other, FireServiceDeath=1, HumanFactorsContributingtoIgnition=2- Possibly impaired by alcohol or drugs, LocationType=Street address, Remark=Basic Info filled, IntLevelOfProvider=1- First responder, ChemicalName=Lacquer, Runmode=Yes, FDID=33203, FireCasultyName=Pratik test (Fire Chief), Fire=No, PropertyLosses=1000, l1presencedectors=N- None present, ApparatusActionTaken=10- Fire control or extinguishment, other, OHID_Chief_Name=Pratik test, ApparatusName=A-124-Breathing apparatus support, EstimatedAmountReleased=100, WildLandFireCause=3 - Smoking, initialArrestRhythm=1- V-Fib/V-Tach, FactorsContributingtoIgnition=11- Abandoned or discarded materials or products, FactorsContributingtoRelease=3 - Failure to Control Hazardous Material, CauseofIgnition=1- Intentional, TotalSquareFeet=200, FactorsContributingToIgnition=1 - Misuse of Material or Product, UNNumber=0143, StreetAddress=831 Hilliard Rome Road, Columbus, OH, USA, Suffix=Mr., Time=1200, Firecasultyage=25, Age=25, BuildingHeightAboveGrade=5, Personnel=Pratik test, FireSuppressionFactors2=186 - Metal truss construction, FireSuppressionFactors1=185- Wood truss construction, WildLandHumanFactorContributingIgnition=Asleep, EquipmentPowerSource=22- LP gas or other heavier-than-air gas, Timeofinjury=2359, TypeofMaterialFirstIgnited=67- Paper, including cellulose, waxed paper, CardiacArrest=1- Pre-arrival arrest, CauseofRelease=1- Intentional, FireSpread=3- Confined to floor of origin, FireSupressionFactor=112 - Roof collapse, CivilianInjuries=0, ProviderImpAss=16- Cardiac arrest, CivilianDeath=1, OHID_Chief_Password=Ohio@1234, Gender=Male, Buildingstatus=1- Under construction, AidGiven=2- Automatic aid received, D2HeatSource=11- Spark, ember, or flame from operating equipment, 1- Pre-arrival arrestArrest=1- Witnessed, RemarkAppratusAndPersonnel=Incident Apparatus and Personal Complete, PropertyUseStructure=142- Clubhouse, FireCasultySeverity=2- First aid only}</td>
<td></td>
<td>166</td>
<td>com.createIncident.ios.CreateIncident_170@75ed9710</td></tr>
<tr>
<td title='com.createIncident.ios.CreateIncident_170.ts07incident()'><b>ts07incident</b><br>Test class: com.createIncident.ios.CreateIncident_170<br>Parameters: {NoOfHazMats=1, StructureType=3- Open structure, FireServiceInjuries=0, TotalAcersBurned=100, MobilePropertyInvolved=1- Not involved in ignition, but burned, WildLandAreaType=2 - Urban, heavily populated areas, HazardousMaterialsRelease=7- Motor oil - from engine or portable container, ContentsLosses=2000, Detector=2- Detector did not alert occupants, M1present=N- None Present, NoOfPatients=1, EquipmentPortability=1 - Portable, HazMatDisposition=3- Released to local agency, OHID_Chief=pdohio, EquipmentInvolvedinIgnition=124- Stove, heating, StoryofFireOrigin=10, AreaoftheFireOrigin=01- Hallway corridor, mall, Wildland=Yes, VictimLastName=Wick, ProUsed=06- Cardiac pacing, Firecasultygender=Male, login_mode=OHID, ItemFirstIgnited=58- Palletized material, material stored on pallets., Incident_Type=Cultivated vegetation, crop fire, other, Severity=4- Life threatening, IDM_Email_ID=fdchief@3diemail.com, BuildingHeightBelowGrade=5, LocationDetailsAtTimeOfIncident=1 - In area of origin and not involved in starting the fire, PropertyManagement=AKAMR - USDI - FISH & WILDLIFE SERVICE (Alaska Maritime NWR), IDM_Password=Quark@123, VictimFirstName=John, BasicActionTaken=10- Fire control or extinguishment, other, FireServiceDeath=1, HumanFactorsContributingtoIgnition=2- Possibly impaired by alcohol or drugs, LocationType=Street address, Remark=Basic Info filled, IntLevelOfProvider=1- First responder, ChemicalName=Lacquer, Runmode=Yes, FDID=33203, FireCasultyName=Pratik test (Fire Chief), Fire=No, PropertyLosses=1000, l1presencedectors=N- None present, ApparatusActionTaken=10- Fire control or extinguishment, other, OHID_Chief_Name=Pratik test, ApparatusName=A-124-Breathing apparatus support, EstimatedAmountReleased=100, WildLandFireCause=3 - Smoking, initialArrestRhythm=1- V-Fib/V-Tach, FactorsContributingtoIgnition=11- Abandoned or discarded materials or products, FactorsContributingtoRelease=3 - Failure to Control Hazardous Material, CauseofIgnition=1- Intentional, TotalSquareFeet=200, FactorsContributingToIgnition=1 - Misuse of Material or Product, UNNumber=0143, StreetAddress=831 Hilliard Rome Road, Columbus, OH, USA, Suffix=Mr., Time=1200, Firecasultyage=25, Age=25, BuildingHeightAboveGrade=5, Personnel=Pratik test, FireSuppressionFactors2=186 - Metal truss construction, FireSuppressionFactors1=185- Wood truss construction, WildLandHumanFactorContributingIgnition=Asleep, EquipmentPowerSource=22- LP gas or other heavier-than-air gas, Timeofinjury=2359, TypeofMaterialFirstIgnited=67- Paper, including cellulose, waxed paper, CardiacArrest=1- Pre-arrival arrest, CauseofRelease=1- Intentional, FireSpread=3- Confined to floor of origin, FireSupressionFactor=112 - Roof collapse, CivilianInjuries=0, ProviderImpAss=16- Cardiac arrest, CivilianDeath=1, OHID_Chief_Password=Ohio@1234, Gender=Male, Buildingstatus=1- Under construction, AidGiven=2- Automatic aid received, D2HeatSource=11- Spark, ember, or flame from operating equipment, 1- Pre-arrival arrestArrest=1- Witnessed, RemarkAppratusAndPersonnel=Incident Apparatus and Personal Complete, PropertyUseStructure=142- Clubhouse, FireCasultySeverity=2- First aid only}</td>
<td></td>
<td>204</td>
<td>com.createIncident.ios.CreateIncident_170@75ed9710</td></tr>
</table><p>
<table width='100%' border='1' class='invocation-skipped'>
<tr><td colspan='4' align='center'><b>SKIPPED TESTS</b></td></tr>
<tr><td><b>Test method</b></td>
<td width="30%"><b>Exception</b></td>
<td width="10%"><b>Time (seconds)</b></td>
<td><b>Instance</b></td>
</tr>
<tr>
<td title='com.createIncident.ios.CreateIncident_171.ts02incident()'><b>ts02incident</b><br>Test class: com.createIncident.ios.CreateIncident_171</td>
<td><div><pre>java.lang.Throwable: Method CreateIncident_171.ts02incident(java.util.Hashtable)[pri:2, instance:com.createIncident.ios.CreateIncident_171@4fc5e095] depends on not successfully finished methods
	at java.base/java.util.ArrayList.forEach(ArrayList.java:1541)
... Removed 18 stack frames</pre></div><a href='#' onClick='toggleBox("stack-trace1768974462", this, "Click to show all stack frames", "Click to hide stack frames")'>Click to show all stack frames</a>
<div class='stack-trace' id='stack-trace1768974462'><pre>java.lang.Throwable: Method CreateIncident_171.ts02incident(java.util.Hashtable)[pri:2, instance:com.createIncident.ios.CreateIncident_171@4fc5e095] depends on not successfully finished methods
	at org.testng.internal.TestInvoker.invokeTestMethods(TestInvoker.java:99)
	at org.testng.internal.TestMethodWorker.invokeTestMethods(TestMethodWorker.java:146)
	at org.testng.internal.TestMethodWorker.run(TestMethodWorker.java:128)
	at java.base/java.util.ArrayList.forEach(ArrayList.java:1541)
	at org.testng.TestRunner.privateRun(TestRunner.java:770)
	at org.testng.TestRunner.run(TestRunner.java:591)
	at org.testng.SuiteRunner.runTest(SuiteRunner.java:402)
	at org.testng.SuiteRunner.runSequentially(SuiteRunner.java:396)
	at org.testng.SuiteRunner.privateRun(SuiteRunner.java:355)
	at org.testng.SuiteRunner.run(SuiteRunner.java:304)
	at org.testng.SuiteRunnerWorker.runSuite(SuiteRunnerWorker.java:53)
	at org.testng.SuiteRunnerWorker.run(SuiteRunnerWorker.java:96)
	at org.testng.TestNG.runSuitesSequentially(TestNG.java:1180)
	at org.testng.TestNG.runSuitesLocally(TestNG.java:1102)
	at org.testng.TestNG.runSuites(TestNG.java:1032)
	at org.testng.TestNG.run(TestNG.java:1000)
	at org.testng.remote.AbstractRemoteTestNG.run(AbstractRemoteTestNG.java:115)
	at org.testng.remote.RemoteTestNG.initAndRun(RemoteTestNG.java:251)
	at org.testng.remote.RemoteTestNG.main(RemoteTestNG.java:77)
</pre></div></td>
<td>0</td>
<td>com.createIncident.ios.CreateIncident_171@4fc5e095</td></tr>
<tr>
<td title='com.createIncident.ios.CreateIncident_172.ts02incident()'><b>ts02incident</b><br>Test class: com.createIncident.ios.CreateIncident_172</td>
<td><div><pre>java.lang.Throwable: Method CreateIncident_172.ts02incident(java.util.Hashtable)[pri:2, instance:com.createIncident.ios.CreateIncident_172@435871cb] depends on not successfully finished methods
	at java.base/java.util.ArrayList.forEach(ArrayList.java:1541)
... Removed 18 stack frames</pre></div><a href='#' onClick='toggleBox("stack-trace711282471", this, "Click to show all stack frames", "Click to hide stack frames")'>Click to show all stack frames</a>
<div class='stack-trace' id='stack-trace711282471'><pre>java.lang.Throwable: Method CreateIncident_172.ts02incident(java.util.Hashtable)[pri:2, instance:com.createIncident.ios.CreateIncident_172@435871cb] depends on not successfully finished methods
	at org.testng.internal.TestInvoker.invokeTestMethods(TestInvoker.java:99)
	at org.testng.internal.TestMethodWorker.invokeTestMethods(TestMethodWorker.java:146)
	at org.testng.internal.TestMethodWorker.run(TestMethodWorker.java:128)
	at java.base/java.util.ArrayList.forEach(ArrayList.java:1541)
	at org.testng.TestRunner.privateRun(TestRunner.java:770)
	at org.testng.TestRunner.run(TestRunner.java:591)
	at org.testng.SuiteRunner.runTest(SuiteRunner.java:402)
	at org.testng.SuiteRunner.runSequentially(SuiteRunner.java:396)
	at org.testng.SuiteRunner.privateRun(SuiteRunner.java:355)
	at org.testng.SuiteRunner.run(SuiteRunner.java:304)
	at org.testng.SuiteRunnerWorker.runSuite(SuiteRunnerWorker.java:53)
	at org.testng.SuiteRunnerWorker.run(SuiteRunnerWorker.java:96)
	at org.testng.TestNG.runSuitesSequentially(TestNG.java:1180)
	at org.testng.TestNG.runSuitesLocally(TestNG.java:1102)
	at org.testng.TestNG.runSuites(TestNG.java:1032)
	at org.testng.TestNG.run(TestNG.java:1000)
	at org.testng.remote.AbstractRemoteTestNG.run(AbstractRemoteTestNG.java:115)
	at org.testng.remote.RemoteTestNG.initAndRun(RemoteTestNG.java:251)
	at org.testng.remote.RemoteTestNG.main(RemoteTestNG.java:77)
</pre></div></td>
<td>0</td>
<td>com.createIncident.ios.CreateIncident_172@435871cb</td></tr>
<tr>
<td title='com.createIncident.ios.CreateIncident_173.ts02incident()'><b>ts02incident</b><br>Test class: com.createIncident.ios.CreateIncident_173</td>
<td><div><pre>java.lang.Throwable: Method CreateIncident_173.ts02incident(java.util.Hashtable)[pri:2, instance:com.createIncident.ios.CreateIncident_173@609640d5] depends on not successfully finished methods
	at java.base/java.util.ArrayList.forEach(ArrayList.java:1541)
... Removed 18 stack frames</pre></div><a href='#' onClick='toggleBox("stack-trace969160681", this, "Click to show all stack frames", "Click to hide stack frames")'>Click to show all stack frames</a>
<div class='stack-trace' id='stack-trace969160681'><pre>java.lang.Throwable: Method CreateIncident_173.ts02incident(java.util.Hashtable)[pri:2, instance:com.createIncident.ios.CreateIncident_173@609640d5] depends on not successfully finished methods
	at org.testng.internal.TestInvoker.invokeTestMethods(TestInvoker.java:99)
	at org.testng.internal.TestMethodWorker.invokeTestMethods(TestMethodWorker.java:146)
	at org.testng.internal.TestMethodWorker.run(TestMethodWorker.java:128)
	at java.base/java.util.ArrayList.forEach(ArrayList.java:1541)
	at org.testng.TestRunner.privateRun(TestRunner.java:770)
	at org.testng.TestRunner.run(TestRunner.java:591)
	at org.testng.SuiteRunner.runTest(SuiteRunner.java:402)
	at org.testng.SuiteRunner.runSequentially(SuiteRunner.java:396)
	at org.testng.SuiteRunner.privateRun(SuiteRunner.java:355)
	at org.testng.SuiteRunner.run(SuiteRunner.java:304)
	at org.testng.SuiteRunnerWorker.runSuite(SuiteRunnerWorker.java:53)
	at org.testng.SuiteRunnerWorker.run(SuiteRunnerWorker.java:96)
	at org.testng.TestNG.runSuitesSequentially(TestNG.java:1180)
	at org.testng.TestNG.runSuitesLocally(TestNG.java:1102)
	at org.testng.TestNG.runSuites(TestNG.java:1032)
	at org.testng.TestNG.run(TestNG.java:1000)
	at org.testng.remote.AbstractRemoteTestNG.run(AbstractRemoteTestNG.java:115)
	at org.testng.remote.RemoteTestNG.initAndRun(RemoteTestNG.java:251)
	at org.testng.remote.RemoteTestNG.main(RemoteTestNG.java:77)
</pre></div></td>
<td>0</td>
<td>com.createIncident.ios.CreateIncident_173@609640d5</td></tr>
<tr>
<td title='com.createIncident.ios.CreateIncident_171.ts03incident()'><b>ts03incident</b><br>Test class: com.createIncident.ios.CreateIncident_171</td>
<td><div><pre>java.lang.Throwable: Method CreateIncident_171.ts03incident(java.util.Hashtable)[pri:3, instance:com.createIncident.ios.CreateIncident_171@4fc5e095] depends on not successfully finished methods
	at java.base/java.util.ArrayList.forEach(ArrayList.java:1541)
... Removed 18 stack frames</pre></div><a href='#' onClick='toggleBox("stack-trace459809985", this, "Click to show all stack frames", "Click to hide stack frames")'>Click to show all stack frames</a>
<div class='stack-trace' id='stack-trace459809985'><pre>java.lang.Throwable: Method CreateIncident_171.ts03incident(java.util.Hashtable)[pri:3, instance:com.createIncident.ios.CreateIncident_171@4fc5e095] depends on not successfully finished methods
	at org.testng.internal.TestInvoker.invokeTestMethods(TestInvoker.java:99)
	at org.testng.internal.TestMethodWorker.invokeTestMethods(TestMethodWorker.java:146)
	at org.testng.internal.TestMethodWorker.run(TestMethodWorker.java:128)
	at java.base/java.util.ArrayList.forEach(ArrayList.java:1541)
	at org.testng.TestRunner.privateRun(TestRunner.java:770)
	at org.testng.TestRunner.run(TestRunner.java:591)
	at org.testng.SuiteRunner.runTest(SuiteRunner.java:402)
	at org.testng.SuiteRunner.runSequentially(SuiteRunner.java:396)
	at org.testng.SuiteRunner.privateRun(SuiteRunner.java:355)
	at org.testng.SuiteRunner.run(SuiteRunner.java:304)
	at org.testng.SuiteRunnerWorker.runSuite(SuiteRunnerWorker.java:53)
	at org.testng.SuiteRunnerWorker.run(SuiteRunnerWorker.java:96)
	at org.testng.TestNG.runSuitesSequentially(TestNG.java:1180)
	at org.testng.TestNG.runSuitesLocally(TestNG.java:1102)
	at org.testng.TestNG.runSuites(TestNG.java:1032)
	at org.testng.TestNG.run(TestNG.java:1000)
	at org.testng.remote.AbstractRemoteTestNG.run(AbstractRemoteTestNG.java:115)
	at org.testng.remote.RemoteTestNG.initAndRun(RemoteTestNG.java:251)
	at org.testng.remote.RemoteTestNG.main(RemoteTestNG.java:77)
</pre></div></td>
<td>0</td>
<td>com.createIncident.ios.CreateIncident_171@4fc5e095</td></tr>
<tr>
<td title='com.createIncident.ios.CreateIncident_172.ts03incident()'><b>ts03incident</b><br>Test class: com.createIncident.ios.CreateIncident_172</td>
<td><div><pre>java.lang.Throwable: Method CreateIncident_172.ts03incident(java.util.Hashtable)[pri:3, instance:com.createIncident.ios.CreateIncident_172@435871cb] depends on not successfully finished methods
	at java.base/java.util.ArrayList.forEach(ArrayList.java:1541)
... Removed 18 stack frames</pre></div><a href='#' onClick='toggleBox("stack-trace2019409466", this, "Click to show all stack frames", "Click to hide stack frames")'>Click to show all stack frames</a>
<div class='stack-trace' id='stack-trace2019409466'><pre>java.lang.Throwable: Method CreateIncident_172.ts03incident(java.util.Hashtable)[pri:3, instance:com.createIncident.ios.CreateIncident_172@435871cb] depends on not successfully finished methods
	at org.testng.internal.TestInvoker.invokeTestMethods(TestInvoker.java:99)
	at org.testng.internal.TestMethodWorker.invokeTestMethods(TestMethodWorker.java:146)
	at org.testng.internal.TestMethodWorker.run(TestMethodWorker.java:128)
	at java.base/java.util.ArrayList.forEach(ArrayList.java:1541)
	at org.testng.TestRunner.privateRun(TestRunner.java:770)
	at org.testng.TestRunner.run(TestRunner.java:591)
	at org.testng.SuiteRunner.runTest(SuiteRunner.java:402)
	at org.testng.SuiteRunner.runSequentially(SuiteRunner.java:396)
	at org.testng.SuiteRunner.privateRun(SuiteRunner.java:355)
	at org.testng.SuiteRunner.run(SuiteRunner.java:304)
	at org.testng.SuiteRunnerWorker.runSuite(SuiteRunnerWorker.java:53)
	at org.testng.SuiteRunnerWorker.run(SuiteRunnerWorker.java:96)
	at org.testng.TestNG.runSuitesSequentially(TestNG.java:1180)
	at org.testng.TestNG.runSuitesLocally(TestNG.java:1102)
	at org.testng.TestNG.runSuites(TestNG.java:1032)
	at org.testng.TestNG.run(TestNG.java:1000)
	at org.testng.remote.AbstractRemoteTestNG.run(AbstractRemoteTestNG.java:115)
	at org.testng.remote.RemoteTestNG.initAndRun(RemoteTestNG.java:251)
	at org.testng.remote.RemoteTestNG.main(RemoteTestNG.java:77)
</pre></div></td>
<td>0</td>
<td>com.createIncident.ios.CreateIncident_172@435871cb</td></tr>
<tr>
<td title='com.createIncident.ios.CreateIncident_173.ts03incident()'><b>ts03incident</b><br>Test class: com.createIncident.ios.CreateIncident_173</td>
<td><div><pre>java.lang.Throwable: Method CreateIncident_173.ts03incident(java.util.Hashtable)[pri:3, instance:com.createIncident.ios.CreateIncident_173@609640d5] depends on not successfully finished methods
	at java.base/java.util.ArrayList.forEach(ArrayList.java:1541)
... Removed 18 stack frames</pre></div><a href='#' onClick='toggleBox("stack-trace1935593938", this, "Click to show all stack frames", "Click to hide stack frames")'>Click to show all stack frames</a>
<div class='stack-trace' id='stack-trace1935593938'><pre>java.lang.Throwable: Method CreateIncident_173.ts03incident(java.util.Hashtable)[pri:3, instance:com.createIncident.ios.CreateIncident_173@609640d5] depends on not successfully finished methods
	at org.testng.internal.TestInvoker.invokeTestMethods(TestInvoker.java:99)
	at org.testng.internal.TestMethodWorker.invokeTestMethods(TestMethodWorker.java:146)
	at org.testng.internal.TestMethodWorker.run(TestMethodWorker.java:128)
	at java.base/java.util.ArrayList.forEach(ArrayList.java:1541)
	at org.testng.TestRunner.privateRun(TestRunner.java:770)
	at org.testng.TestRunner.run(TestRunner.java:591)
	at org.testng.SuiteRunner.runTest(SuiteRunner.java:402)
	at org.testng.SuiteRunner.runSequentially(SuiteRunner.java:396)
	at org.testng.SuiteRunner.privateRun(SuiteRunner.java:355)
	at org.testng.SuiteRunner.run(SuiteRunner.java:304)
	at org.testng.SuiteRunnerWorker.runSuite(SuiteRunnerWorker.java:53)
	at org.testng.SuiteRunnerWorker.run(SuiteRunnerWorker.java:96)
	at org.testng.TestNG.runSuitesSequentially(TestNG.java:1180)
	at org.testng.TestNG.runSuitesLocally(TestNG.java:1102)
	at org.testng.TestNG.runSuites(TestNG.java:1032)
	at org.testng.TestNG.run(TestNG.java:1000)
	at org.testng.remote.AbstractRemoteTestNG.run(AbstractRemoteTestNG.java:115)
	at org.testng.remote.RemoteTestNG.initAndRun(RemoteTestNG.java:251)
	at org.testng.remote.RemoteTestNG.main(RemoteTestNG.java:77)
</pre></div></td>
<td>0</td>
<td>com.createIncident.ios.CreateIncident_173@609640d5</td></tr>
<tr>
<td title='com.createIncident.ios.CreateIncident_171.ts04incident()'><b>ts04incident</b><br>Test class: com.createIncident.ios.CreateIncident_171</td>
<td><div><pre>java.lang.Throwable: Method CreateIncident_171.ts04incident(java.util.Hashtable)[pri:4, instance:com.createIncident.ios.CreateIncident_171@4fc5e095] depends on not successfully finished methods
	at java.base/java.util.ArrayList.forEach(ArrayList.java:1541)
... Removed 18 stack frames</pre></div><a href='#' onClick='toggleBox("stack-trace1539395817", this, "Click to show all stack frames", "Click to hide stack frames")'>Click to show all stack frames</a>
<div class='stack-trace' id='stack-trace1539395817'><pre>java.lang.Throwable: Method CreateIncident_171.ts04incident(java.util.Hashtable)[pri:4, instance:com.createIncident.ios.CreateIncident_171@4fc5e095] depends on not successfully finished methods
	at org.testng.internal.TestInvoker.invokeTestMethods(TestInvoker.java:99)
	at org.testng.internal.TestMethodWorker.invokeTestMethods(TestMethodWorker.java:146)
	at org.testng.internal.TestMethodWorker.run(TestMethodWorker.java:128)
	at java.base/java.util.ArrayList.forEach(ArrayList.java:1541)
	at org.testng.TestRunner.privateRun(TestRunner.java:770)
	at org.testng.TestRunner.run(TestRunner.java:591)
	at org.testng.SuiteRunner.runTest(SuiteRunner.java:402)
	at org.testng.SuiteRunner.runSequentially(SuiteRunner.java:396)
	at org.testng.SuiteRunner.privateRun(SuiteRunner.java:355)
	at org.testng.SuiteRunner.run(SuiteRunner.java:304)
	at org.testng.SuiteRunnerWorker.runSuite(SuiteRunnerWorker.java:53)
	at org.testng.SuiteRunnerWorker.run(SuiteRunnerWorker.java:96)
	at org.testng.TestNG.runSuitesSequentially(TestNG.java:1180)
	at org.testng.TestNG.runSuitesLocally(TestNG.java:1102)
	at org.testng.TestNG.runSuites(TestNG.java:1032)
	at org.testng.TestNG.run(TestNG.java:1000)
	at org.testng.remote.AbstractRemoteTestNG.run(AbstractRemoteTestNG.java:115)
	at org.testng.remote.RemoteTestNG.initAndRun(RemoteTestNG.java:251)
	at org.testng.remote.RemoteTestNG.main(RemoteTestNG.java:77)
</pre></div></td>
<td>0</td>
<td>com.createIncident.ios.CreateIncident_171@4fc5e095</td></tr>
<tr>
<td title='com.createIncident.ios.CreateIncident_172.ts04incident()'><b>ts04incident</b><br>Test class: com.createIncident.ios.CreateIncident_172</td>
<td><div><pre>java.lang.Throwable: Method CreateIncident_172.ts04incident(java.util.Hashtable)[pri:4, instance:com.createIncident.ios.CreateIncident_172@435871cb] depends on not successfully finished methods
	at java.base/java.util.ArrayList.forEach(ArrayList.java:1541)
... Removed 18 stack frames</pre></div><a href='#' onClick='toggleBox("stack-trace1480548976", this, "Click to show all stack frames", "Click to hide stack frames")'>Click to show all stack frames</a>
<div class='stack-trace' id='stack-trace1480548976'><pre>java.lang.Throwable: Method CreateIncident_172.ts04incident(java.util.Hashtable)[pri:4, instance:com.createIncident.ios.CreateIncident_172@435871cb] depends on not successfully finished methods
	at org.testng.internal.TestInvoker.invokeTestMethods(TestInvoker.java:99)
	at org.testng.internal.TestMethodWorker.invokeTestMethods(TestMethodWorker.java:146)
	at org.testng.internal.TestMethodWorker.run(TestMethodWorker.java:128)
	at java.base/java.util.ArrayList.forEach(ArrayList.java:1541)
	at org.testng.TestRunner.privateRun(TestRunner.java:770)
	at org.testng.TestRunner.run(TestRunner.java:591)
	at org.testng.SuiteRunner.runTest(SuiteRunner.java:402)
	at org.testng.SuiteRunner.runSequentially(SuiteRunner.java:396)
	at org.testng.SuiteRunner.privateRun(SuiteRunner.java:355)
	at org.testng.SuiteRunner.run(SuiteRunner.java:304)
	at org.testng.SuiteRunnerWorker.runSuite(SuiteRunnerWorker.java:53)
	at org.testng.SuiteRunnerWorker.run(SuiteRunnerWorker.java:96)
	at org.testng.TestNG.runSuitesSequentially(TestNG.java:1180)
	at org.testng.TestNG.runSuitesLocally(TestNG.java:1102)
	at org.testng.TestNG.runSuites(TestNG.java:1032)
	at org.testng.TestNG.run(TestNG.java:1000)
	at org.testng.remote.AbstractRemoteTestNG.run(AbstractRemoteTestNG.java:115)
	at org.testng.remote.RemoteTestNG.initAndRun(RemoteTestNG.java:251)
	at org.testng.remote.RemoteTestNG.main(RemoteTestNG.java:77)
</pre></div></td>
<td>0</td>
<td>com.createIncident.ios.CreateIncident_172@435871cb</td></tr>
<tr>
<td title='com.createIncident.ios.CreateIncident_173.ts04incident()'><b>ts04incident</b><br>Test class: com.createIncident.ios.CreateIncident_173</td>
<td><div><pre>java.lang.Throwable: Method CreateIncident_173.ts04incident(java.util.Hashtable)[pri:4, instance:com.createIncident.ios.CreateIncident_173@609640d5] depends on not successfully finished methods
	at java.base/java.util.ArrayList.forEach(ArrayList.java:1541)
... Removed 18 stack frames</pre></div><a href='#' onClick='toggleBox("stack-trace888117369", this, "Click to show all stack frames", "Click to hide stack frames")'>Click to show all stack frames</a>
<div class='stack-trace' id='stack-trace888117369'><pre>java.lang.Throwable: Method CreateIncident_173.ts04incident(java.util.Hashtable)[pri:4, instance:com.createIncident.ios.CreateIncident_173@609640d5] depends on not successfully finished methods
	at org.testng.internal.TestInvoker.invokeTestMethods(TestInvoker.java:99)
	at org.testng.internal.TestMethodWorker.invokeTestMethods(TestMethodWorker.java:146)
	at org.testng.internal.TestMethodWorker.run(TestMethodWorker.java:128)
	at java.base/java.util.ArrayList.forEach(ArrayList.java:1541)
	at org.testng.TestRunner.privateRun(TestRunner.java:770)
	at org.testng.TestRunner.run(TestRunner.java:591)
	at org.testng.SuiteRunner.runTest(SuiteRunner.java:402)
	at org.testng.SuiteRunner.runSequentially(SuiteRunner.java:396)
	at org.testng.SuiteRunner.privateRun(SuiteRunner.java:355)
	at org.testng.SuiteRunner.run(SuiteRunner.java:304)
	at org.testng.SuiteRunnerWorker.runSuite(SuiteRunnerWorker.java:53)
	at org.testng.SuiteRunnerWorker.run(SuiteRunnerWorker.java:96)
	at org.testng.TestNG.runSuitesSequentially(TestNG.java:1180)
	at org.testng.TestNG.runSuitesLocally(TestNG.java:1102)
	at org.testng.TestNG.runSuites(TestNG.java:1032)
	at org.testng.TestNG.run(TestNG.java:1000)
	at org.testng.remote.AbstractRemoteTestNG.run(AbstractRemoteTestNG.java:115)
	at org.testng.remote.RemoteTestNG.initAndRun(RemoteTestNG.java:251)
	at org.testng.remote.RemoteTestNG.main(RemoteTestNG.java:77)
</pre></div></td>
<td>0</td>
<td>com.createIncident.ios.CreateIncident_173@609640d5</td></tr>
<tr>
<td title='com.createIncident.ios.CreateIncident_171.ts05incident()'><b>ts05incident</b><br>Test class: com.createIncident.ios.CreateIncident_171</td>
<td><div><pre>java.lang.Throwable: Method CreateIncident_171.ts05incident(java.util.Hashtable)[pri:5, instance:com.createIncident.ios.CreateIncident_171@4fc5e095] depends on not successfully finished methods
	at java.base/java.util.ArrayList.forEach(ArrayList.java:1541)
... Removed 18 stack frames</pre></div><a href='#' onClick='toggleBox("stack-trace1919842314", this, "Click to show all stack frames", "Click to hide stack frames")'>Click to show all stack frames</a>
<div class='stack-trace' id='stack-trace1919842314'><pre>java.lang.Throwable: Method CreateIncident_171.ts05incident(java.util.Hashtable)[pri:5, instance:com.createIncident.ios.CreateIncident_171@4fc5e095] depends on not successfully finished methods
	at org.testng.internal.TestInvoker.invokeTestMethods(TestInvoker.java:99)
	at org.testng.internal.TestMethodWorker.invokeTestMethods(TestMethodWorker.java:146)
	at org.testng.internal.TestMethodWorker.run(TestMethodWorker.java:128)
	at java.base/java.util.ArrayList.forEach(ArrayList.java:1541)
	at org.testng.TestRunner.privateRun(TestRunner.java:770)
	at org.testng.TestRunner.run(TestRunner.java:591)
	at org.testng.SuiteRunner.runTest(SuiteRunner.java:402)
	at org.testng.SuiteRunner.runSequentially(SuiteRunner.java:396)
	at org.testng.SuiteRunner.privateRun(SuiteRunner.java:355)
	at org.testng.SuiteRunner.run(SuiteRunner.java:304)
	at org.testng.SuiteRunnerWorker.runSuite(SuiteRunnerWorker.java:53)
	at org.testng.SuiteRunnerWorker.run(SuiteRunnerWorker.java:96)
	at org.testng.TestNG.runSuitesSequentially(TestNG.java:1180)
	at org.testng.TestNG.runSuitesLocally(TestNG.java:1102)
	at org.testng.TestNG.runSuites(TestNG.java:1032)
	at org.testng.TestNG.run(TestNG.java:1000)
	at org.testng.remote.AbstractRemoteTestNG.run(AbstractRemoteTestNG.java:115)
	at org.testng.remote.RemoteTestNG.initAndRun(RemoteTestNG.java:251)
	at org.testng.remote.RemoteTestNG.main(RemoteTestNG.java:77)
</pre></div></td>
<td>0</td>
<td>com.createIncident.ios.CreateIncident_171@4fc5e095</td></tr>
<tr>
<td title='com.createIncident.ios.CreateIncident_172.ts05incident()'><b>ts05incident</b><br>Test class: com.createIncident.ios.CreateIncident_172</td>
<td><div><pre>java.lang.Throwable: Method CreateIncident_172.ts05incident(java.util.Hashtable)[pri:5, instance:com.createIncident.ios.CreateIncident_172@435871cb] depends on not successfully finished methods
	at java.base/java.util.ArrayList.forEach(ArrayList.java:1541)
... Removed 18 stack frames</pre></div><a href='#' onClick='toggleBox("stack-trace1047235367", this, "Click to show all stack frames", "Click to hide stack frames")'>Click to show all stack frames</a>
<div class='stack-trace' id='stack-trace1047235367'><pre>java.lang.Throwable: Method CreateIncident_172.ts05incident(java.util.Hashtable)[pri:5, instance:com.createIncident.ios.CreateIncident_172@435871cb] depends on not successfully finished methods
	at org.testng.internal.TestInvoker.invokeTestMethods(TestInvoker.java:99)
	at org.testng.internal.TestMethodWorker.invokeTestMethods(TestMethodWorker.java:146)
	at org.testng.internal.TestMethodWorker.run(TestMethodWorker.java:128)
	at java.base/java.util.ArrayList.forEach(ArrayList.java:1541)
	at org.testng.TestRunner.privateRun(TestRunner.java:770)
	at org.testng.TestRunner.run(TestRunner.java:591)
	at org.testng.SuiteRunner.runTest(SuiteRunner.java:402)
	at org.testng.SuiteRunner.runSequentially(SuiteRunner.java:396)
	at org.testng.SuiteRunner.privateRun(SuiteRunner.java:355)
	at org.testng.SuiteRunner.run(SuiteRunner.java:304)
	at org.testng.SuiteRunnerWorker.runSuite(SuiteRunnerWorker.java:53)
	at org.testng.SuiteRunnerWorker.run(SuiteRunnerWorker.java:96)
	at org.testng.TestNG.runSuitesSequentially(TestNG.java:1180)
	at org.testng.TestNG.runSuitesLocally(TestNG.java:1102)
	at org.testng.TestNG.runSuites(TestNG.java:1032)
	at org.testng.TestNG.run(TestNG.java:1000)
	at org.testng.remote.AbstractRemoteTestNG.run(AbstractRemoteTestNG.java:115)
	at org.testng.remote.RemoteTestNG.initAndRun(RemoteTestNG.java:251)
	at org.testng.remote.RemoteTestNG.main(RemoteTestNG.java:77)
</pre></div></td>
<td>0</td>
<td>com.createIncident.ios.CreateIncident_172@435871cb</td></tr>
<tr>
<td title='com.createIncident.ios.CreateIncident_173.ts05incident()'><b>ts05incident</b><br>Test class: com.createIncident.ios.CreateIncident_173</td>
<td><div><pre>java.lang.Throwable: Method CreateIncident_173.ts05incident(java.util.Hashtable)[pri:5, instance:com.createIncident.ios.CreateIncident_173@609640d5] depends on not successfully finished methods
	at java.base/java.util.ArrayList.forEach(ArrayList.java:1541)
... Removed 18 stack frames</pre></div><a href='#' onClick='toggleBox("stack-trace265210949", this, "Click to show all stack frames", "Click to hide stack frames")'>Click to show all stack frames</a>
<div class='stack-trace' id='stack-trace265210949'><pre>java.lang.Throwable: Method CreateIncident_173.ts05incident(java.util.Hashtable)[pri:5, instance:com.createIncident.ios.CreateIncident_173@609640d5] depends on not successfully finished methods
	at org.testng.internal.TestInvoker.invokeTestMethods(TestInvoker.java:99)
	at org.testng.internal.TestMethodWorker.invokeTestMethods(TestMethodWorker.java:146)
	at org.testng.internal.TestMethodWorker.run(TestMethodWorker.java:128)
	at java.base/java.util.ArrayList.forEach(ArrayList.java:1541)
	at org.testng.TestRunner.privateRun(TestRunner.java:770)
	at org.testng.TestRunner.run(TestRunner.java:591)
	at org.testng.SuiteRunner.runTest(SuiteRunner.java:402)
	at org.testng.SuiteRunner.runSequentially(SuiteRunner.java:396)
	at org.testng.SuiteRunner.privateRun(SuiteRunner.java:355)
	at org.testng.SuiteRunner.run(SuiteRunner.java:304)
	at org.testng.SuiteRunnerWorker.runSuite(SuiteRunnerWorker.java:53)
	at org.testng.SuiteRunnerWorker.run(SuiteRunnerWorker.java:96)
	at org.testng.TestNG.runSuitesSequentially(TestNG.java:1180)
	at org.testng.TestNG.runSuitesLocally(TestNG.java:1102)
	at org.testng.TestNG.runSuites(TestNG.java:1032)
	at org.testng.TestNG.run(TestNG.java:1000)
	at org.testng.remote.AbstractRemoteTestNG.run(AbstractRemoteTestNG.java:115)
	at org.testng.remote.RemoteTestNG.initAndRun(RemoteTestNG.java:251)
	at org.testng.remote.RemoteTestNG.main(RemoteTestNG.java:77)
</pre></div></td>
<td>0</td>
<td>com.createIncident.ios.CreateIncident_173@609640d5</td></tr>
<tr>
<td title='com.createIncident.ios.CreateIncident_171.ts06incident()'><b>ts06incident</b><br>Test class: com.createIncident.ios.CreateIncident_171</td>
<td><div><pre>java.lang.Throwable: Method CreateIncident_171.ts06incident(java.util.Hashtable)[pri:6, instance:com.createIncident.ios.CreateIncident_171@4fc5e095] depends on not successfully finished methods
	at java.base/java.util.ArrayList.forEach(ArrayList.java:1541)
... Removed 18 stack frames</pre></div><a href='#' onClick='toggleBox("stack-trace1434375322", this, "Click to show all stack frames", "Click to hide stack frames")'>Click to show all stack frames</a>
<div class='stack-trace' id='stack-trace1434375322'><pre>java.lang.Throwable: Method CreateIncident_171.ts06incident(java.util.Hashtable)[pri:6, instance:com.createIncident.ios.CreateIncident_171@4fc5e095] depends on not successfully finished methods
	at org.testng.internal.TestInvoker.invokeTestMethods(TestInvoker.java:99)
	at org.testng.internal.TestMethodWorker.invokeTestMethods(TestMethodWorker.java:146)
	at org.testng.internal.TestMethodWorker.run(TestMethodWorker.java:128)
	at java.base/java.util.ArrayList.forEach(ArrayList.java:1541)
	at org.testng.TestRunner.privateRun(TestRunner.java:770)
	at org.testng.TestRunner.run(TestRunner.java:591)
	at org.testng.SuiteRunner.runTest(SuiteRunner.java:402)
	at org.testng.SuiteRunner.runSequentially(SuiteRunner.java:396)
	at org.testng.SuiteRunner.privateRun(SuiteRunner.java:355)
	at org.testng.SuiteRunner.run(SuiteRunner.java:304)
	at org.testng.SuiteRunnerWorker.runSuite(SuiteRunnerWorker.java:53)
	at org.testng.SuiteRunnerWorker.run(SuiteRunnerWorker.java:96)
	at org.testng.TestNG.runSuitesSequentially(TestNG.java:1180)
	at org.testng.TestNG.runSuitesLocally(TestNG.java:1102)
	at org.testng.TestNG.runSuites(TestNG.java:1032)
	at org.testng.TestNG.run(TestNG.java:1000)
	at org.testng.remote.AbstractRemoteTestNG.run(AbstractRemoteTestNG.java:115)
	at org.testng.remote.RemoteTestNG.initAndRun(RemoteTestNG.java:251)
	at org.testng.remote.RemoteTestNG.main(RemoteTestNG.java:77)
</pre></div></td>
<td>0</td>
<td>com.createIncident.ios.CreateIncident_171@4fc5e095</td></tr>
<tr>
<td title='com.createIncident.ios.CreateIncident_172.ts06incident()'><b>ts06incident</b><br>Test class: com.createIncident.ios.CreateIncident_172</td>
<td><div><pre>java.lang.Throwable: Method CreateIncident_172.ts06incident(java.util.Hashtable)[pri:6, instance:com.createIncident.ios.CreateIncident_172@435871cb] depends on not successfully finished methods
	at java.base/java.util.ArrayList.forEach(ArrayList.java:1541)
... Removed 18 stack frames</pre></div><a href='#' onClick='toggleBox("stack-trace1570135485", this, "Click to show all stack frames", "Click to hide stack frames")'>Click to show all stack frames</a>
<div class='stack-trace' id='stack-trace1570135485'><pre>java.lang.Throwable: Method CreateIncident_172.ts06incident(java.util.Hashtable)[pri:6, instance:com.createIncident.ios.CreateIncident_172@435871cb] depends on not successfully finished methods
	at org.testng.internal.TestInvoker.invokeTestMethods(TestInvoker.java:99)
	at org.testng.internal.TestMethodWorker.invokeTestMethods(TestMethodWorker.java:146)
	at org.testng.internal.TestMethodWorker.run(TestMethodWorker.java:128)
	at java.base/java.util.ArrayList.forEach(ArrayList.java:1541)
	at org.testng.TestRunner.privateRun(TestRunner.java:770)
	at org.testng.TestRunner.run(TestRunner.java:591)
	at org.testng.SuiteRunner.runTest(SuiteRunner.java:402)
	at org.testng.SuiteRunner.runSequentially(SuiteRunner.java:396)
	at org.testng.SuiteRunner.privateRun(SuiteRunner.java:355)
	at org.testng.SuiteRunner.run(SuiteRunner.java:304)
	at org.testng.SuiteRunnerWorker.runSuite(SuiteRunnerWorker.java:53)
	at org.testng.SuiteRunnerWorker.run(SuiteRunnerWorker.java:96)
	at org.testng.TestNG.runSuitesSequentially(TestNG.java:1180)
	at org.testng.TestNG.runSuitesLocally(TestNG.java:1102)
	at org.testng.TestNG.runSuites(TestNG.java:1032)
	at org.testng.TestNG.run(TestNG.java:1000)
	at org.testng.remote.AbstractRemoteTestNG.run(AbstractRemoteTestNG.java:115)
	at org.testng.remote.RemoteTestNG.initAndRun(RemoteTestNG.java:251)
	at org.testng.remote.RemoteTestNG.main(RemoteTestNG.java:77)
</pre></div></td>
<td>0</td>
<td>com.createIncident.ios.CreateIncident_172@435871cb</td></tr>
<tr>
<td title='com.createIncident.ios.CreateIncident_173.ts06incident()'><b>ts06incident</b><br>Test class: com.createIncident.ios.CreateIncident_173</td>
<td><div><pre>java.lang.Throwable: Method CreateIncident_173.ts06incident(java.util.Hashtable)[pri:6, instance:com.createIncident.ios.CreateIncident_173@609640d5] depends on not successfully finished methods
	at java.base/java.util.ArrayList.forEach(ArrayList.java:1541)
... Removed 18 stack frames</pre></div><a href='#' onClick='toggleBox("stack-trace254089066", this, "Click to show all stack frames", "Click to hide stack frames")'>Click to show all stack frames</a>
<div class='stack-trace' id='stack-trace254089066'><pre>java.lang.Throwable: Method CreateIncident_173.ts06incident(java.util.Hashtable)[pri:6, instance:com.createIncident.ios.CreateIncident_173@609640d5] depends on not successfully finished methods
	at org.testng.internal.TestInvoker.invokeTestMethods(TestInvoker.java:99)
	at org.testng.internal.TestMethodWorker.invokeTestMethods(TestMethodWorker.java:146)
	at org.testng.internal.TestMethodWorker.run(TestMethodWorker.java:128)
	at java.base/java.util.ArrayList.forEach(ArrayList.java:1541)
	at org.testng.TestRunner.privateRun(TestRunner.java:770)
	at org.testng.TestRunner.run(TestRunner.java:591)
	at org.testng.SuiteRunner.runTest(SuiteRunner.java:402)
	at org.testng.SuiteRunner.runSequentially(SuiteRunner.java:396)
	at org.testng.SuiteRunner.privateRun(SuiteRunner.java:355)
	at org.testng.SuiteRunner.run(SuiteRunner.java:304)
	at org.testng.SuiteRunnerWorker.runSuite(SuiteRunnerWorker.java:53)
	at org.testng.SuiteRunnerWorker.run(SuiteRunnerWorker.java:96)
	at org.testng.TestNG.runSuitesSequentially(TestNG.java:1180)
	at org.testng.TestNG.runSuitesLocally(TestNG.java:1102)
	at org.testng.TestNG.runSuites(TestNG.java:1032)
	at org.testng.TestNG.run(TestNG.java:1000)
	at org.testng.remote.AbstractRemoteTestNG.run(AbstractRemoteTestNG.java:115)
	at org.testng.remote.RemoteTestNG.initAndRun(RemoteTestNG.java:251)
	at org.testng.remote.RemoteTestNG.main(RemoteTestNG.java:77)
</pre></div></td>
<td>0</td>
<td>com.createIncident.ios.CreateIncident_173@609640d5</td></tr>
<tr>
<td title='com.createIncident.ios.CreateIncident_171.ts07incident()'><b>ts07incident</b><br>Test class: com.createIncident.ios.CreateIncident_171</td>
<td><div><pre>java.lang.Throwable: Method CreateIncident_171.ts07incident(java.util.Hashtable)[pri:7, instance:com.createIncident.ios.CreateIncident_171@4fc5e095] depends on not successfully finished methods
	at java.base/java.util.ArrayList.forEach(ArrayList.java:1541)
... Removed 18 stack frames</pre></div><a href='#' onClick='toggleBox("stack-trace741087120", this, "Click to show all stack frames", "Click to hide stack frames")'>Click to show all stack frames</a>
<div class='stack-trace' id='stack-trace741087120'><pre>java.lang.Throwable: Method CreateIncident_171.ts07incident(java.util.Hashtable)[pri:7, instance:com.createIncident.ios.CreateIncident_171@4fc5e095] depends on not successfully finished methods
	at org.testng.internal.TestInvoker.invokeTestMethods(TestInvoker.java:99)
	at org.testng.internal.TestMethodWorker.invokeTestMethods(TestMethodWorker.java:146)
	at org.testng.internal.TestMethodWorker.run(TestMethodWorker.java:128)
	at java.base/java.util.ArrayList.forEach(ArrayList.java:1541)
	at org.testng.TestRunner.privateRun(TestRunner.java:770)
	at org.testng.TestRunner.run(TestRunner.java:591)
	at org.testng.SuiteRunner.runTest(SuiteRunner.java:402)
	at org.testng.SuiteRunner.runSequentially(SuiteRunner.java:396)
	at org.testng.SuiteRunner.privateRun(SuiteRunner.java:355)
	at org.testng.SuiteRunner.run(SuiteRunner.java:304)
	at org.testng.SuiteRunnerWorker.runSuite(SuiteRunnerWorker.java:53)
	at org.testng.SuiteRunnerWorker.run(SuiteRunnerWorker.java:96)
	at org.testng.TestNG.runSuitesSequentially(TestNG.java:1180)
	at org.testng.TestNG.runSuitesLocally(TestNG.java:1102)
	at org.testng.TestNG.runSuites(TestNG.java:1032)
	at org.testng.TestNG.run(TestNG.java:1000)
	at org.testng.remote.AbstractRemoteTestNG.run(AbstractRemoteTestNG.java:115)
	at org.testng.remote.RemoteTestNG.initAndRun(RemoteTestNG.java:251)
	at org.testng.remote.RemoteTestNG.main(RemoteTestNG.java:77)
</pre></div></td>
<td>0</td>
<td>com.createIncident.ios.CreateIncident_171@4fc5e095</td></tr>
<tr>
<td title='com.createIncident.ios.CreateIncident_172.ts07incident()'><b>ts07incident</b><br>Test class: com.createIncident.ios.CreateIncident_172</td>
<td><div><pre>java.lang.Throwable: Method CreateIncident_172.ts07incident(java.util.Hashtable)[pri:7, instance:com.createIncident.ios.CreateIncident_172@435871cb] depends on not successfully finished methods
	at java.base/java.util.ArrayList.forEach(ArrayList.java:1541)
... Removed 18 stack frames</pre></div><a href='#' onClick='toggleBox("stack-trace114130181", this, "Click to show all stack frames", "Click to hide stack frames")'>Click to show all stack frames</a>
<div class='stack-trace' id='stack-trace114130181'><pre>java.lang.Throwable: Method CreateIncident_172.ts07incident(java.util.Hashtable)[pri:7, instance:com.createIncident.ios.CreateIncident_172@435871cb] depends on not successfully finished methods
	at org.testng.internal.TestInvoker.invokeTestMethods(TestInvoker.java:99)
	at org.testng.internal.TestMethodWorker.invokeTestMethods(TestMethodWorker.java:146)
	at org.testng.internal.TestMethodWorker.run(TestMethodWorker.java:128)
	at java.base/java.util.ArrayList.forEach(ArrayList.java:1541)
	at org.testng.TestRunner.privateRun(TestRunner.java:770)
	at org.testng.TestRunner.run(TestRunner.java:591)
	at org.testng.SuiteRunner.runTest(SuiteRunner.java:402)
	at org.testng.SuiteRunner.runSequentially(SuiteRunner.java:396)
	at org.testng.SuiteRunner.privateRun(SuiteRunner.java:355)
	at org.testng.SuiteRunner.run(SuiteRunner.java:304)
	at org.testng.SuiteRunnerWorker.runSuite(SuiteRunnerWorker.java:53)
	at org.testng.SuiteRunnerWorker.run(SuiteRunnerWorker.java:96)
	at org.testng.TestNG.runSuitesSequentially(TestNG.java:1180)
	at org.testng.TestNG.runSuitesLocally(TestNG.java:1102)
	at org.testng.TestNG.runSuites(TestNG.java:1032)
	at org.testng.TestNG.run(TestNG.java:1000)
	at org.testng.remote.AbstractRemoteTestNG.run(AbstractRemoteTestNG.java:115)
	at org.testng.remote.RemoteTestNG.initAndRun(RemoteTestNG.java:251)
	at org.testng.remote.RemoteTestNG.main(RemoteTestNG.java:77)
</pre></div></td>
<td>0</td>
<td>com.createIncident.ios.CreateIncident_172@435871cb</td></tr>
<tr>
<td title='com.createIncident.ios.CreateIncident_173.ts07incident()'><b>ts07incident</b><br>Test class: com.createIncident.ios.CreateIncident_173</td>
<td><div><pre>java.lang.Throwable: Method CreateIncident_173.ts07incident(java.util.Hashtable)[pri:7, instance:com.createIncident.ios.CreateIncident_173@609640d5] depends on not successfully finished methods
	at java.base/java.util.ArrayList.forEach(ArrayList.java:1541)
... Removed 18 stack frames</pre></div><a href='#' onClick='toggleBox("stack-trace652168751", this, "Click to show all stack frames", "Click to hide stack frames")'>Click to show all stack frames</a>
<div class='stack-trace' id='stack-trace652168751'><pre>java.lang.Throwable: Method CreateIncident_173.ts07incident(java.util.Hashtable)[pri:7, instance:com.createIncident.ios.CreateIncident_173@609640d5] depends on not successfully finished methods
	at org.testng.internal.TestInvoker.invokeTestMethods(TestInvoker.java:99)
	at org.testng.internal.TestMethodWorker.invokeTestMethods(TestMethodWorker.java:146)
	at org.testng.internal.TestMethodWorker.run(TestMethodWorker.java:128)
	at java.base/java.util.ArrayList.forEach(ArrayList.java:1541)
	at org.testng.TestRunner.privateRun(TestRunner.java:770)
	at org.testng.TestRunner.run(TestRunner.java:591)
	at org.testng.SuiteRunner.runTest(SuiteRunner.java:402)
	at org.testng.SuiteRunner.runSequentially(SuiteRunner.java:396)
	at org.testng.SuiteRunner.privateRun(SuiteRunner.java:355)
	at org.testng.SuiteRunner.run(SuiteRunner.java:304)
	at org.testng.SuiteRunnerWorker.runSuite(SuiteRunnerWorker.java:53)
	at org.testng.SuiteRunnerWorker.run(SuiteRunnerWorker.java:96)
	at org.testng.TestNG.runSuitesSequentially(TestNG.java:1180)
	at org.testng.TestNG.runSuitesLocally(TestNG.java:1102)
	at org.testng.TestNG.runSuites(TestNG.java:1032)
	at org.testng.TestNG.run(TestNG.java:1000)
	at org.testng.remote.AbstractRemoteTestNG.run(AbstractRemoteTestNG.java:115)
	at org.testng.remote.RemoteTestNG.initAndRun(RemoteTestNG.java:251)
	at org.testng.remote.RemoteTestNG.main(RemoteTestNG.java:77)
</pre></div></td>
<td>0</td>
<td>com.createIncident.ios.CreateIncident_173@609640d5</td></tr>
<tr>
<td title='com.createIncident.ios.CreateIncident_171.ts08incident()'><b>ts08incident</b><br>Test class: com.createIncident.ios.CreateIncident_171</td>
<td><div><pre>java.lang.Throwable: Method CreateIncident_171.ts08incident(java.util.Hashtable)[pri:8, instance:com.createIncident.ios.CreateIncident_171@4fc5e095] depends on not successfully finished methods
	at java.base/java.util.ArrayList.forEach(ArrayList.java:1541)
... Removed 18 stack frames</pre></div><a href='#' onClick='toggleBox("stack-trace1193493596", this, "Click to show all stack frames", "Click to hide stack frames")'>Click to show all stack frames</a>
<div class='stack-trace' id='stack-trace1193493596'><pre>java.lang.Throwable: Method CreateIncident_171.ts08incident(java.util.Hashtable)[pri:8, instance:com.createIncident.ios.CreateIncident_171@4fc5e095] depends on not successfully finished methods
	at org.testng.internal.TestInvoker.invokeTestMethods(TestInvoker.java:99)
	at org.testng.internal.TestMethodWorker.invokeTestMethods(TestMethodWorker.java:146)
	at org.testng.internal.TestMethodWorker.run(TestMethodWorker.java:128)
	at java.base/java.util.ArrayList.forEach(ArrayList.java:1541)
	at org.testng.TestRunner.privateRun(TestRunner.java:770)
	at org.testng.TestRunner.run(TestRunner.java:591)
	at org.testng.SuiteRunner.runTest(SuiteRunner.java:402)
	at org.testng.SuiteRunner.runSequentially(SuiteRunner.java:396)
	at org.testng.SuiteRunner.privateRun(SuiteRunner.java:355)
	at org.testng.SuiteRunner.run(SuiteRunner.java:304)
	at org.testng.SuiteRunnerWorker.runSuite(SuiteRunnerWorker.java:53)
	at org.testng.SuiteRunnerWorker.run(SuiteRunnerWorker.java:96)
	at org.testng.TestNG.runSuitesSequentially(TestNG.java:1180)
	at org.testng.TestNG.runSuitesLocally(TestNG.java:1102)
	at org.testng.TestNG.runSuites(TestNG.java:1032)
	at org.testng.TestNG.run(TestNG.java:1000)
	at org.testng.remote.AbstractRemoteTestNG.run(AbstractRemoteTestNG.java:115)
	at org.testng.remote.RemoteTestNG.initAndRun(RemoteTestNG.java:251)
	at org.testng.remote.RemoteTestNG.main(RemoteTestNG.java:77)
</pre></div></td>
<td>0</td>
<td>com.createIncident.ios.CreateIncident_171@4fc5e095</td></tr>
<tr>
<td title='com.createIncident.ios.CreateIncident_172.ts08incident()'><b>ts08incident</b><br>Test class: com.createIncident.ios.CreateIncident_172</td>
<td><div><pre>java.lang.Throwable: Method CreateIncident_172.ts08incident(java.util.Hashtable)[pri:8, instance:com.createIncident.ios.CreateIncident_172@435871cb] depends on not successfully finished methods
	at java.base/java.util.ArrayList.forEach(ArrayList.java:1541)
... Removed 18 stack frames</pre></div><a href='#' onClick='toggleBox("stack-trace1536534356", this, "Click to show all stack frames", "Click to hide stack frames")'>Click to show all stack frames</a>
<div class='stack-trace' id='stack-trace1536534356'><pre>java.lang.Throwable: Method CreateIncident_172.ts08incident(java.util.Hashtable)[pri:8, instance:com.createIncident.ios.CreateIncident_172@435871cb] depends on not successfully finished methods
	at org.testng.internal.TestInvoker.invokeTestMethods(TestInvoker.java:99)
	at org.testng.internal.TestMethodWorker.invokeTestMethods(TestMethodWorker.java:146)
	at org.testng.internal.TestMethodWorker.run(TestMethodWorker.java:128)
	at java.base/java.util.ArrayList.forEach(ArrayList.java:1541)
	at org.testng.TestRunner.privateRun(TestRunner.java:770)
	at org.testng.TestRunner.run(TestRunner.java:591)
	at org.testng.SuiteRunner.runTest(SuiteRunner.java:402)
	at org.testng.SuiteRunner.runSequentially(SuiteRunner.java:396)
	at org.testng.SuiteRunner.privateRun(SuiteRunner.java:355)
	at org.testng.SuiteRunner.run(SuiteRunner.java:304)
	at org.testng.SuiteRunnerWorker.runSuite(SuiteRunnerWorker.java:53)
	at org.testng.SuiteRunnerWorker.run(SuiteRunnerWorker.java:96)
	at org.testng.TestNG.runSuitesSequentially(TestNG.java:1180)
	at org.testng.TestNG.runSuitesLocally(TestNG.java:1102)
	at org.testng.TestNG.runSuites(TestNG.java:1032)
	at org.testng.TestNG.run(TestNG.java:1000)
	at org.testng.remote.AbstractRemoteTestNG.run(AbstractRemoteTestNG.java:115)
	at org.testng.remote.RemoteTestNG.initAndRun(RemoteTestNG.java:251)
	at org.testng.remote.RemoteTestNG.main(RemoteTestNG.java:77)
</pre></div></td>
<td>0</td>
<td>com.createIncident.ios.CreateIncident_172@435871cb</td></tr>
<tr>
<td title='com.createIncident.ios.CreateIncident_173.ts08incident()'><b>ts08incident</b><br>Test class: com.createIncident.ios.CreateIncident_173</td>
<td><div><pre>java.lang.Throwable: Method CreateIncident_173.ts08incident(java.util.Hashtable)[pri:8, instance:com.createIncident.ios.CreateIncident_173@609640d5] depends on not successfully finished methods
	at java.base/java.util.ArrayList.forEach(ArrayList.java:1541)
... Removed 18 stack frames</pre></div><a href='#' onClick='toggleBox("stack-trace1299642768", this, "Click to show all stack frames", "Click to hide stack frames")'>Click to show all stack frames</a>
<div class='stack-trace' id='stack-trace1299642768'><pre>java.lang.Throwable: Method CreateIncident_173.ts08incident(java.util.Hashtable)[pri:8, instance:com.createIncident.ios.CreateIncident_173@609640d5] depends on not successfully finished methods
	at org.testng.internal.TestInvoker.invokeTestMethods(TestInvoker.java:99)
	at org.testng.internal.TestMethodWorker.invokeTestMethods(TestMethodWorker.java:146)
	at org.testng.internal.TestMethodWorker.run(TestMethodWorker.java:128)
	at java.base/java.util.ArrayList.forEach(ArrayList.java:1541)
	at org.testng.TestRunner.privateRun(TestRunner.java:770)
	at org.testng.TestRunner.run(TestRunner.java:591)
	at org.testng.SuiteRunner.runTest(SuiteRunner.java:402)
	at org.testng.SuiteRunner.runSequentially(SuiteRunner.java:396)
	at org.testng.SuiteRunner.privateRun(SuiteRunner.java:355)
	at org.testng.SuiteRunner.run(SuiteRunner.java:304)
	at org.testng.SuiteRunnerWorker.runSuite(SuiteRunnerWorker.java:53)
	at org.testng.SuiteRunnerWorker.run(SuiteRunnerWorker.java:96)
	at org.testng.TestNG.runSuitesSequentially(TestNG.java:1180)
	at org.testng.TestNG.runSuitesLocally(TestNG.java:1102)
	at org.testng.TestNG.runSuites(TestNG.java:1032)
	at org.testng.TestNG.run(TestNG.java:1000)
	at org.testng.remote.AbstractRemoteTestNG.run(AbstractRemoteTestNG.java:115)
	at org.testng.remote.RemoteTestNG.initAndRun(RemoteTestNG.java:251)
	at org.testng.remote.RemoteTestNG.main(RemoteTestNG.java:77)
</pre></div></td>
<td>0</td>
<td>com.createIncident.ios.CreateIncident_173@609640d5</td></tr>
</table><p>
</body>
</html>