<?xml version="1.0" encoding="UTF-8"?>
<!-- Generated by org.testng.reporters.JUnitReportReporter -->
<testsuite hostname="Mac-mini" failures="1" tests="9" name="com.createIncident.ios.CreateIncident_611" time="698.106" errors="1" timestamp="2023-07-12T06:21:30 IST" skipped="7">
  <testcase classname="com.createIncident.ios.CreateIncident_611" name="configAm" time="0.148">
    <failure message="Test Case Fail" type="java.lang.AssertionError">
      <![CDATA[java.lang.AssertionError: Test Case Fail
at org.testng.Assert.fail(Assert.java:111)
at Base.BaseTest.configAm(BaseTest.java:203)
at jdk.internal.reflect.GeneratedMethodAccessor54.invoke(Unknown Source)
at java.base/jdk.internal.reflect.DelegatingMethodAccessorImpl.invoke(DelegatingMethodAccessorImpl.java:43)
at java.base/java.lang.reflect.Method.invoke(Method.java:566)
at org.testng.internal.invokers.MethodInvocationHelper.invokeMethod(MethodInvocationHelper.java:139)
at org.testng.internal.invokers.MethodInvocationHelper.invokeMethodConsideringTimeout(MethodInvocationHelper.java:69)
at org.testng.internal.invokers.ConfigInvoker.invokeConfigurationMethod(ConfigInvoker.java:390)
at org.testng.internal.invokers.ConfigInvoker.invokeConfigurations(ConfigInvoker.java:325)
at org.testng.internal.invokers.TestInvoker.runConfigMethods(TestInvoker.java:810)
at org.testng.internal.invokers.TestInvoker.runAfterConfigurations(TestInvoker.java:779)
at org.testng.internal.invokers.TestInvoker.invokeMethod(TestInvoker.java:755)
at org.testng.internal.invokers.TestInvoker.invokeTestMethod(TestInvoker.java:227)
at org.testng.internal.invokers.MethodRunner.runInSequence(MethodRunner.java:50)
at org.testng.internal.invokers.TestInvoker$MethodInvocationAgent.invoke(TestInvoker.java:957)
at org.testng.internal.invokers.TestInvoker.invokeTestMethods(TestInvoker.java:200)
at org.testng.internal.invokers.TestMethodWorker.invokeTestMethods(TestMethodWorker.java:148)
at org.testng.internal.invokers.TestMethodWorker.run(TestMethodWorker.java:128)
at java.base/java.util.ArrayList.forEach(ArrayList.java:1541)
at org.testng.TestRunner.privateRun(TestRunner.java:848)
at org.testng.TestRunner.run(TestRunner.java:621)
at org.testng.SuiteRunner.runTest(SuiteRunner.java:443)
at org.testng.SuiteRunner.runSequentially(SuiteRunner.java:437)
at org.testng.SuiteRunner.privateRun(SuiteRunner.java:397)
at org.testng.SuiteRunner.run(SuiteRunner.java:336)
at org.testng.SuiteRunnerWorker.runSuite(SuiteRunnerWorker.java:52)
at org.testng.SuiteRunnerWorker.run(SuiteRunnerWorker.java:95)
at org.testng.TestNG.runSuitesSequentially(TestNG.java:1280)
at org.testng.TestNG.runSuitesLocally(TestNG.java:1200)
at org.testng.TestNG.runSuites(TestNG.java:1114)
at org.testng.TestNG.run(TestNG.java:1082)
at org.testng.remote.AbstractRemoteTestNG.run(AbstractRemoteTestNG.java:115)
at org.testng.remote.RemoteTestNG.initAndRun(RemoteTestNG.java:251)
at org.testng.remote.RemoteTestNG.main(RemoteTestNG.java:77)
]]>
    </failure>
  </testcase> <!-- configAm -->
  <testcase classname="com.createIncident.ios.CreateIncident_611" name="ts01incident" time="697.958">
    <error message="An element could not be located on the page using the given search parameters.
For documentation on this error, please visit: https://www.seleniumhq.org/exceptions/no_such_element.html
Build info: version: &#039;3.141.59&#039;, revision: &#039;e82be7d358&#039;, time: &#039;2018-11-14T08:17:03&#039;
System info: host: &#039;Mac-mini.local&#039;, ip: &#039;127.0.0.1&#039;, os.name: &#039;Mac OS X&#039;, os.arch: &#039;aarch64&#039;, os.version: &#039;13.4.1&#039;, java.version: &#039;11.0.18&#039;
Driver info: io.appium.java_client.ios.IOSDriver
Capabilities {automationName: XCUITest, browserName: , bundleId: com.threedi.OhioNFERsQA, databaseEnabled: false, deviceName: IPhone13, javascriptEnabled: true, locationContextEnabled: false, networkConnectionEnabled: false, noReset: true, platform: MAC, platformName: IOS, platformVersion: 16.5.1, safariIgnoreFraudWarning: true, takesScreenshot: true, udid: 00008110-001A71600E28201E, useNewWDA: false, webStorageEnabled: false}
Session ID: 9ba61e6d-f7e3-4ae3-960b-2b21d9d4cbb8
*** Element info: {Using=xpath, value=//XCUIElementTypeStaticText[@label=&#039;Pratik test&#039;]}" type="org.openqa.selenium.NoSuchElementException">
      <![CDATA[org.openqa.selenium.NoSuchElementException: An element could not be located on the page using the given search parameters.
For documentation on this error, please visit: https://www.seleniumhq.org/exceptions/no_such_element.html
Build info: version: '3.141.59', revision: 'e82be7d358', time: '2018-11-14T08:17:03'
System info: host: 'Mac-mini.local', ip: '127.0.0.1', os.name: 'Mac OS X', os.arch: 'aarch64', os.version: '13.4.1', java.version: '11.0.18'
Driver info: io.appium.java_client.ios.IOSDriver
Capabilities {automationName: XCUITest, browserName: , bundleId: com.threedi.OhioNFERsQA, databaseEnabled: false, deviceName: IPhone13, javascriptEnabled: true, locationContextEnabled: false, networkConnectionEnabled: false, noReset: true, platform: MAC, platformName: IOS, platformVersion: 16.5.1, safariIgnoreFraudWarning: true, takesScreenshot: true, udid: 00008110-001A71600E28201E, useNewWDA: false, webStorageEnabled: false}
Session ID: 9ba61e6d-f7e3-4ae3-960b-2b21d9d4cbb8
*** Element info: {Using=xpath, value=//XCUIElementTypeStaticText[@label='Pratik test']}
at java.base/jdk.internal.reflect.NativeConstructorAccessorImpl.newInstance0(Native Method)
at java.base/jdk.internal.reflect.NativeConstructorAccessorImpl.newInstance(NativeConstructorAccessorImpl.java:62)
at java.base/jdk.internal.reflect.DelegatingConstructorAccessorImpl.newInstance(DelegatingConstructorAccessorImpl.java:45)
at java.base/java.lang.reflect.Constructor.newInstance(Constructor.java:490)
at org.openqa.selenium.remote.http.W3CHttpResponseCodec.createException(W3CHttpResponseCodec.java:187)
at org.openqa.selenium.remote.http.W3CHttpResponseCodec.decode(W3CHttpResponseCodec.java:122)
at org.openqa.selenium.remote.http.W3CHttpResponseCodec.decode(W3CHttpResponseCodec.java:49)
at org.openqa.selenium.remote.HttpCommandExecutor.execute(HttpCommandExecutor.java:158)
at io.appium.java_client.remote.AppiumCommandExecutor.execute(AppiumCommandExecutor.java:239)
at org.openqa.selenium.remote.RemoteWebDriver.execute(RemoteWebDriver.java:552)
at io.appium.java_client.DefaultGenericMobileDriver.execute(DefaultGenericMobileDriver.java:41)
at io.appium.java_client.AppiumDriver.execute(AppiumDriver.java:1)
at io.appium.java_client.ios.IOSDriver.execute(IOSDriver.java:1)
at org.openqa.selenium.remote.RemoteWebDriver.findElement(RemoteWebDriver.java:323)
at io.appium.java_client.DefaultGenericMobileDriver.findElement(DefaultGenericMobileDriver.java:61)
at io.appium.java_client.AppiumDriver.findElement(AppiumDriver.java:1)
at io.appium.java_client.ios.IOSDriver.findElement(IOSDriver.java:1)
at org.openqa.selenium.remote.RemoteWebDriver.findElementByXPath(RemoteWebDriver.java:428)
at io.appium.java_client.DefaultGenericMobileDriver.findElementByXPath(DefaultGenericMobileDriver.java:151)
at io.appium.java_client.AppiumDriver.findElementByXPath(AppiumDriver.java:1)
at io.appium.java_client.ios.IOSDriver.findElementByXPath(IOSDriver.java:1)
at org.openqa.selenium.By$ByXPath.findElement(By.java:353)
at org.openqa.selenium.remote.RemoteWebDriver.findElement(RemoteWebDriver.java:315)
at io.appium.java_client.DefaultGenericMobileDriver.findElement(DefaultGenericMobileDriver.java:57)
at io.appium.java_client.AppiumDriver.findElement(AppiumDriver.java:1)
at io.appium.java_client.ios.IOSDriver.findElement(IOSDriver.java:1)
at pom.createincidentios.M_Authorization.officerincharge(M_Authorization.java:23)
at com.createIncident.ios.CreateIncident_611.ts01incident(CreateIncident_611.java:122)
at java.base/jdk.internal.reflect.NativeMethodAccessorImpl.invoke0(Native Method)
at java.base/jdk.internal.reflect.NativeMethodAccessorImpl.invoke(NativeMethodAccessorImpl.java:62)
at java.base/jdk.internal.reflect.DelegatingMethodAccessorImpl.invoke(DelegatingMethodAccessorImpl.java:43)
at java.base/java.lang.reflect.Method.invoke(Method.java:566)
at org.testng.internal.invokers.MethodInvocationHelper.invokeMethod(MethodInvocationHelper.java:139)
at org.testng.internal.invokers.TestInvoker.invokeMethod(TestInvoker.java:664)
at org.testng.internal.invokers.TestInvoker.invokeTestMethod(TestInvoker.java:227)
at org.testng.internal.invokers.MethodRunner.runInSequence(MethodRunner.java:50)
at org.testng.internal.invokers.TestInvoker$MethodInvocationAgent.invoke(TestInvoker.java:957)
at org.testng.internal.invokers.TestInvoker.invokeTestMethods(TestInvoker.java:200)
at org.testng.internal.invokers.TestMethodWorker.invokeTestMethods(TestMethodWorker.java:148)
at org.testng.internal.invokers.TestMethodWorker.run(TestMethodWorker.java:128)
at java.base/java.util.ArrayList.forEach(ArrayList.java:1541)
at org.testng.TestRunner.privateRun(TestRunner.java:848)
at org.testng.TestRunner.run(TestRunner.java:621)
at org.testng.SuiteRunner.runTest(SuiteRunner.java:443)
at org.testng.SuiteRunner.runSequentially(SuiteRunner.java:437)
at org.testng.SuiteRunner.privateRun(SuiteRunner.java:397)
at org.testng.SuiteRunner.run(SuiteRunner.java:336)
at org.testng.SuiteRunnerWorker.runSuite(SuiteRunnerWorker.java:52)
at org.testng.SuiteRunnerWorker.run(SuiteRunnerWorker.java:95)
at org.testng.TestNG.runSuitesSequentially(TestNG.java:1280)
at org.testng.TestNG.runSuitesLocally(TestNG.java:1200)
at org.testng.TestNG.runSuites(TestNG.java:1114)
at org.testng.TestNG.run(TestNG.java:1082)
at org.testng.remote.AbstractRemoteTestNG.run(AbstractRemoteTestNG.java:115)
at org.testng.remote.RemoteTestNG.initAndRun(RemoteTestNG.java:251)
at org.testng.remote.RemoteTestNG.main(RemoteTestNG.java:77)
]]>
    </error>
  </testcase> <!-- ts01incident -->
  <testcase classname="com.createIncident.ios.CreateIncident_611" name="ts02incident" time="0.000">
    <skipped/>
  </testcase> <!-- ts02incident -->
  <testcase classname="com.createIncident.ios.CreateIncident_611" name="ts03incident" time="0.000">
    <skipped/>
  </testcase> <!-- ts03incident -->
  <testcase classname="com.createIncident.ios.CreateIncident_611" name="ts04incident" time="0.000">
    <skipped/>
  </testcase> <!-- ts04incident -->
  <testcase classname="com.createIncident.ios.CreateIncident_611" name="ts05incident" time="0.000">
    <skipped/>
  </testcase> <!-- ts05incident -->
  <testcase classname="com.createIncident.ios.CreateIncident_611" name="ts06incident" time="0.000">
    <skipped/>
  </testcase> <!-- ts06incident -->
  <testcase classname="com.createIncident.ios.CreateIncident_611" name="ts07incident" time="0.000">
    <skipped/>
  </testcase> <!-- ts07incident -->
  <testcase classname="com.createIncident.ios.CreateIncident_611" name="ts08incident" time="0.000">
    <skipped/>
  </testcase> <!-- ts08incident -->
  <system-out>
    <![CDATA[Checking:Arrival
Expected: true
Actual: true
Checking:selectAppratus
Expected: true
Actual: true
Checking:Apparatuspersonnel
Expected: true
Actual: true
Checking:Arrival
Expected: true
Actual: true
Checking:selectAppratus
Expected: true
Actual: true
Checking:Apparatuspersonnel
Expected: true
Actual: true
Checking:Arrival
Expected: true
Actual: true
Checking:selectAppratus
Expected: true
Actual: true
Checking:Apparatuspersonnel
Expected: true
Actual: true
Checking:Arrival
Expected: true
Actual: true
Checking:selectAppratus
Expected: true
Actual: true
Checking:Apparatuspersonnel
Expected: true
Actual: true
Checking:Arrival
Expected: true
Actual: true
Checking:selectAppratus
Expected: true
Actual: true
Checking:Apparatuspersonnel
Expected: true
Actual: true
Checking:Arrival
Expected: true
Actual: true
Checking:selectAppratus
Expected: true
Actual: true
Checking:Apparatuspersonnel
Expected: true
Actual: true
Checking:Arrival
Expected: true
Actual: true
Checking:selectAppratus
Expected: true
Actual: true
Checking:Apparatuspersonnel
Expected: true
Actual: true
Checking:Arrival
Expected: true
Actual: true
Checking:selectAppratus
Expected: true
Actual: true
Checking:Apparatuspersonnel
Expected: true
Actual: true
Checking:Arrival
Expected: true
Actual: true
Checking:selectAppratus
Expected: true
Actual: true
Checking:Apparatuspersonnel
Expected: true
Actual: true
Checking:Arrival
Expected: true
Actual: true
Checking:selectAppratus
Expected: true
Actual: true
Checking:Apparatuspersonnel
Expected: true
Actual: true
Checking:Arrival
Expected: true
Actual: true
Checking:selectAppratus
Expected: true
Actual: true
Checking:Apparatuspersonnel
Expected: true
Actual: true
Checking:Arrival
Expected: true
Actual: true
Checking:selectAppratus
Expected: true
Actual: true
Checking:Apparatuspersonnel
Expected: true
Actual: true
Checking:Arrival
Expected: true
Actual: true
Checking:selectAppratus
Expected: true
Actual: true
Checking:Apparatuspersonnel
Expected: true
Actual: true]]>
  </system-out>
</testsuite> <!-- com.createIncident.ios.CreateIncident_611 -->
