<?xml version="1.0" encoding="UTF-8"?>
<!-- Generated by org.testng.reporters.JUnitReportReporter -->
<testsuite hostname="Mac-mini.local" failures="1" tests="9" name="com.createIncident.ios.CreateIncident_131" time="2968.757" errors="1" timestamp="2023-07-13T01:35:32 IST" skipped="2">
  <testcase classname="com.createIncident.ios.CreateIncident_131" name="configAm" time="5.491">
    <failure message="Test Case Fail" type="java.lang.AssertionError">
      <![CDATA[java.lang.AssertionError: Test Case Fail
at org.testng.Assert.fail(Assert.java:111)
at Base.BaseTest.configAm(BaseTest.java:203)
at java.base/jdk.internal.reflect.NativeMethodAccessorImpl.invoke0(Native Method)
at java.base/jdk.internal.reflect.NativeMethodAccessorImpl.invoke(NativeMethodAccessorImpl.java:62)
at java.base/jdk.internal.reflect.DelegatingMethodAccessorImpl.invoke(DelegatingMethodAccessorImpl.java:43)
at java.base/java.lang.reflect.Method.invoke(Method.java:566)
at org.testng.internal.invokers.MethodInvocationHelper.invokeMethod(MethodInvocationHelper.java:139)
at org.testng.internal.invokers.MethodInvocationHelper.invokeMethodConsideringTimeout(MethodInvocationHelper.java:69)
at org.testng.internal.invokers.ConfigInvoker.invokeConfigurationMethod(ConfigInvoker.java:390)
at org.testng.internal.invokers.ConfigInvoker.invokeConfigurations(ConfigInvoker.java:325)
at org.testng.internal.invokers.TestInvoker.runConfigMethods(TestInvoker.java:810)
at org.testng.internal.invokers.TestInvoker.runAfterConfigurations(TestInvoker.java:779)
at org.testng.internal.invokers.TestInvoker.invokeMethod(TestInvoker.java:755)
at org.testng.internal.invokers.TestInvoker.invokeTestMethod(TestInvoker.java:227)
at org.testng.internal.invokers.MethodRunner.runInSequence(MethodRunner.java:50)
at org.testng.internal.invokers.TestInvoker$MethodInvocationAgent.invoke(TestInvoker.java:957)
at org.testng.internal.invokers.TestInvoker.invokeTestMethods(TestInvoker.java:200)
at org.testng.internal.invokers.TestMethodWorker.invokeTestMethods(TestMethodWorker.java:148)
at org.testng.internal.invokers.TestMethodWorker.run(TestMethodWorker.java:128)
at java.base/java.util.ArrayList.forEach(ArrayList.java:1541)
at org.testng.TestRunner.privateRun(TestRunner.java:848)
at org.testng.TestRunner.run(TestRunner.java:621)
at org.testng.SuiteRunner.runTest(SuiteRunner.java:443)
at org.testng.SuiteRunner.runSequentially(SuiteRunner.java:437)
at org.testng.SuiteRunner.privateRun(SuiteRunner.java:397)
at org.testng.SuiteRunner.run(SuiteRunner.java:336)
at org.testng.SuiteRunnerWorker.runSuite(SuiteRunnerWorker.java:52)
at org.testng.SuiteRunnerWorker.run(SuiteRunnerWorker.java:95)
at org.testng.TestNG.runSuitesSequentially(TestNG.java:1280)
at org.testng.TestNG.runSuitesLocally(TestNG.java:1200)
at org.testng.TestNG.runSuites(TestNG.java:1114)
at org.testng.TestNG.run(TestNG.java:1082)
at org.testng.remote.AbstractRemoteTestNG.run(AbstractRemoteTestNG.java:115)
at org.testng.remote.RemoteTestNG.initAndRun(RemoteTestNG.java:251)
at org.testng.remote.RemoteTestNG.main(RemoteTestNG.java:77)
]]>
    </failure>
  </testcase> <!-- configAm -->
  <testcase classname="com.createIncident.ios.CreateIncident_131" name="ts01incident" time="822.448"/>
  <testcase classname="com.createIncident.ios.CreateIncident_131" name="ts02incident" time="473.491">
    <system-out>
      <![CDATA[Checking:Arrival
Expected: true
Actual: true
Checking:selectAppratus
Expected: true
Actual: true
Checking:Apparatuspersonnel
Expected: true
Actual: true]]>
    </system-out>
  </testcase> <!-- ts02incident -->
  <testcase classname="com.createIncident.ios.CreateIncident_131" name="ts03incident" time="972.964"/>
  <testcase classname="com.createIncident.ios.CreateIncident_131" name="ts04incident" time="5.310"/>
  <testcase classname="com.createIncident.ios.CreateIncident_131" name="ts05incident" time="214.219"/>
  <testcase classname="com.createIncident.ios.CreateIncident_131" name="ts06incident" time="474.833">
    <error message="Expected condition failed: waiting for visibility of Located by By.xpath: //XCUIElementTypeButton[@name=&quot;Next&quot;] (tried for 60 second(s) with 500 milliseconds interval)
Build info: version: &#039;3.141.59&#039;, revision: &#039;e82be7d358&#039;, time: &#039;2018-11-14T08:17:03&#039;
System info: host: &#039;Mac-mini.local&#039;, ip: &#039;192.168.1.199&#039;, os.name: &#039;Mac OS X&#039;, os.arch: &#039;aarch64&#039;, os.version: &#039;13.4.1&#039;, java.version: &#039;11.0.18&#039;
Driver info: io.appium.java_client.ios.IOSDriver
Capabilities {automationName: XCUITest, browserName: , bundleId: com.threedi.OhioNFERsQA, databaseEnabled: false, deviceName: IPhone13, javascriptEnabled: true, locationContextEnabled: false, networkConnectionEnabled: false, noReset: true, platform: MAC, platformName: IOS, platformVersion: 16.5.1, safariIgnoreFraudWarning: true, takesScreenshot: true, udid: 00008110-001A71600E28201E, useNewWDA: false, webStorageEnabled: false}
Session ID: f024baa6-9e5b-4ee7-b226-a1d39ac09788" type="org.openqa.selenium.TimeoutException">
      <![CDATA[org.openqa.selenium.TimeoutException: Expected condition failed: waiting for visibility of Located by By.xpath: //XCUIElementTypeButton[@name="Next"] (tried for 60 second(s) with 500 milliseconds interval)
Build info: version: '3.141.59', revision: 'e82be7d358', time: '2018-11-14T08:17:03'
System info: host: 'Mac-mini.local', ip: '192.168.1.199', os.name: 'Mac OS X', os.arch: 'aarch64', os.version: '13.4.1', java.version: '11.0.18'
Driver info: io.appium.java_client.ios.IOSDriver
Capabilities {automationName: XCUITest, browserName: , bundleId: com.threedi.OhioNFERsQA, databaseEnabled: false, deviceName: IPhone13, javascriptEnabled: true, locationContextEnabled: false, networkConnectionEnabled: false, noReset: true, platform: MAC, platformName: IOS, platformVersion: 16.5.1, safariIgnoreFraudWarning: true, takesScreenshot: true, udid: 00008110-001A71600E28201E, useNewWDA: false, webStorageEnabled: false}
Session ID: f024baa6-9e5b-4ee7-b226-a1d39ac09788
at org.openqa.selenium.support.ui.WebDriverWait.timeoutException(WebDriverWait.java:95)
at org.openqa.selenium.support.ui.FluentWait.until(FluentWait.java:272)
at utils.WebDriverUtility.waitForElemnetToBeVisible(WebDriverUtility.java:80)
at Base.BasePage.click(BasePage.java:97)
at pom.createincidentios.Basicinfo.nextbtn(Basicinfo.java:104)
at com.createIncident.ios.CreateIncident_131.ts06incident(CreateIncident_131.java:235)
at java.base/jdk.internal.reflect.NativeMethodAccessorImpl.invoke0(Native Method)
at java.base/jdk.internal.reflect.NativeMethodAccessorImpl.invoke(NativeMethodAccessorImpl.java:62)
at java.base/jdk.internal.reflect.DelegatingMethodAccessorImpl.invoke(DelegatingMethodAccessorImpl.java:43)
at java.base/java.lang.reflect.Method.invoke(Method.java:566)
at org.testng.internal.invokers.MethodInvocationHelper.invokeMethod(MethodInvocationHelper.java:139)
at org.testng.internal.invokers.TestInvoker.invokeMethod(TestInvoker.java:664)
at org.testng.internal.invokers.TestInvoker.invokeTestMethod(TestInvoker.java:227)
at org.testng.internal.invokers.MethodRunner.runInSequence(MethodRunner.java:50)
at org.testng.internal.invokers.TestInvoker$MethodInvocationAgent.invoke(TestInvoker.java:957)
at org.testng.internal.invokers.TestInvoker.invokeTestMethods(TestInvoker.java:200)
at org.testng.internal.invokers.TestMethodWorker.invokeTestMethods(TestMethodWorker.java:148)
at org.testng.internal.invokers.TestMethodWorker.run(TestMethodWorker.java:128)
at java.base/java.util.ArrayList.forEach(ArrayList.java:1541)
at org.testng.TestRunner.privateRun(TestRunner.java:848)
at org.testng.TestRunner.run(TestRunner.java:621)
at org.testng.SuiteRunner.runTest(SuiteRunner.java:443)
at org.testng.SuiteRunner.runSequentially(SuiteRunner.java:437)
at org.testng.SuiteRunner.privateRun(SuiteRunner.java:397)
at org.testng.SuiteRunner.run(SuiteRunner.java:336)
at org.testng.SuiteRunnerWorker.runSuite(SuiteRunnerWorker.java:52)
at org.testng.SuiteRunnerWorker.run(SuiteRunnerWorker.java:95)
at org.testng.TestNG.runSuitesSequentially(TestNG.java:1280)
at org.testng.TestNG.runSuitesLocally(TestNG.java:1200)
at org.testng.TestNG.runSuites(TestNG.java:1114)
at org.testng.TestNG.run(TestNG.java:1082)
at org.testng.remote.AbstractRemoteTestNG.run(AbstractRemoteTestNG.java:115)
at org.testng.remote.RemoteTestNG.initAndRun(RemoteTestNG.java:251)
at org.testng.remote.RemoteTestNG.main(RemoteTestNG.java:77)
]]>
    </error>
  </testcase> <!-- ts06incident -->
  <testcase classname="com.createIncident.ios.CreateIncident_131" name="ts07incident" time="0.001">
    <skipped/>
  </testcase> <!-- ts07incident -->
  <testcase classname="com.createIncident.ios.CreateIncident_131" name="ts08incident" time="0.000">
    <skipped/>
  </testcase> <!-- ts08incident -->
  <system-out>
    <![CDATA[Checking:Arrival
Expected: true
Actual: true
Checking:selectAppratus
Expected: true
Actual: true
Checking:Apparatuspersonnel
Expected: true
Actual: true
Checking:Arrival
Expected: true
Actual: true
Checking:selectAppratus
Expected: true
Actual: true
Checking:Apparatuspersonnel
Expected: true
Actual: true]]>
  </system-out>
</testsuite> <!-- com.createIncident.ios.CreateIncident_131 -->
